2024-4-12 21:00:05 - log: Load engine in C:\ProgramData\cocos\editors\Creator\3.8.1\resources\resources\3d\engine
2024-4-12 21:00:06 - log: Register native engine in C:\ProgramData\cocos\editors\Creator\3.8.1\resources\resources\3d\engine\native
2024-4-12 21:24:21 - error: [Browser Preview]TypeError: Cannot set properties of null (setting 'connectedBody')
2024-4-12 22:08:14 - error: [Browser Preview]Cannot read properties of null (reading 'x')/nTypeError: Cannot read properties of null (reading 'x')
    at GameController.onCollision (http://localhost:7456/scripting/x/chunks/43/436b114cd6ce3d0d270683ba3c4de65c46946f50.js:322:81)
    at BoxCollider.emit (http://localhost:7456/scripting/engine/bin/.cache/dev/preview/bundled/index.js:164057:28)
    at BulletWorld.emitCollisionAndTriggerEvent (http://localhost:7456/scripting/engine/bin/.cache/dev/preview/bundled/index.js:225021:27)
    at BulletWorld.emitEvents (http://localhost:7456/scripting/engine/bin/.cache/dev/preview/bundled/index.js:224932:18)
    at PhysicsSystem.postUpdate (http://localhost:7456/scripting/engine/bin/.cache/dev/preview/bundled/index.js:229028:35)
    at Director.tick (http://localhost:7456/scripting/engine/bin/.cache/dev/preview/bundled/index.js:20575:35)
    at Game._updateCallback (http://localhost:7456/scripting/engine/bin/.cache/dev/preview/bundled/index.js:21716:22)
    at Pacer.updateCallback [as _callback] (http://localhost:7456/scripting/engine/bin/.cache/dev/preview/bundled/index.js:94170:22)
    at Pacer._handleRAF (http://localhost:7456/scripting/engine/bin/.cache/dev/preview/bundled/index.js:94138:23)
2024-4-12 22:10:20 - error: [Browser Preview]TypeError: Cannot read properties of null (reading 'sharedBody')
2024-4-12 22:14:55 - error: [Browser Preview]TypeError: Cannot read properties of null (reading 'sharedBody')
2024-4-12 22:15:49 - error: [Browser Preview]TypeError: Cannot read properties of null (reading 'sharedBody')
2024-4-12 22:16:41 - error: [Browser Preview]TypeError: Cannot read properties of null (reading 'sharedBody')
2024-4-12 22:19:26 - error: [Browser Preview]TypeError: Cannot read properties of null (reading 'sharedBody')
2024-4-12 22:20:17 - error: [Browser Preview]TypeError: Cannot read properties of null (reading 'sharedBody')
2024-4-12 22:21:26 - error: [Browser Preview]TypeError: Cannot read properties of null (reading 'sharedBody')
2024-4-12 22:39:33 - warn: 为更好地打开脚本，请在 偏好设置 -> 外部程序 -> 默认脚本编辑器 里配置打开脚本的应用程序
2024-4-12 23:01:03 - log: [im-plugin] Current version is 3.0.12
2024-4-12 23:01:08 - log: [Im-plugin] Check im-plugin version.
2024-4-12 23:01:25 - info: [Window] Download the Vue Devtools extension for a better development experience:
https://github.com/vuejs/vue-devtools
2024-4-12 23:01:25 - info: [Window] You are running Vue in development mode.
Make sure to turn on production mode when deploying for production.
See more tips at https://vuejs.org/guide/deployment.html
2024-4-12 23:05:12 - error: [Browser Preview]TypeError: Cannot read properties of null (reading 'worldPosition')
2024-4-12 23:05:35 - error: [Browser Preview]TypeError: Cannot read properties of null (reading 'worldPosition')
2024-4-12 23:06:50 - error: [Browser Preview]TypeError: Cannot read properties of null (reading 'worldPosition')
2024-4-12 23:19:56 - error: Error occurred in handler for 'GUEST_VIEW_MANAGER_CALL': Error: Invalid guestInstanceId: 6
    at getGuestForWebContents (electron/js2c/browser_init.js:181:6307)
    at electron/js2c/browser_init.js:181:5372
    at electron/js2c/browser_init.js:181:1637
    at electron/js2c/browser_init.js:197:579
    at Object.<anonymous> (electron/js2c/browser_init.js:161:9782)
    at Object.emit (events.js:315:20)
    at Object.emit (domain.js:467:12)
