2024-4-11 17:28:56-log: Cannot access game frame or container.
2024-4-11 17:28:56-debug: asset-db:require-engine-code (3223ms)
2024-4-11 17:28:58-log: Cocos Creator v3.8.1
2024-4-11 17:28:58-debug: [Assets Memory track]: asset-db:worker-init: initEngine start:18.05MB, end 91.37MB, increase: 73.31MB
2024-4-11 17:28:58-debug: [Assets Memory track]: asset-db-plugin-register: programming start:92.00MB, end 95.27MB, increase: 3.27MB
2024-4-11 17:28:58-debug: [Assets Memory track]: asset-db-plugin-register: engine-extends start:95.32MB, end 98.93MB, increase: 3.61MB
2024-4-11 17:28:58-debug: [Assets Memory track]: asset-db:worker-init: initPlugin start:91.37MB, end 98.94MB, increase: 7.57MB
2024-4-11 17:28:58-debug: [Assets Memory track]: asset-db-plugin-enable: project start:95.50MB, end 98.94MB, increase: 3.44MB
2024-4-11 17:28:58-debug: asset-db:worker-init: initPlugin (230ms)
2024-4-11 17:28:58-debug: [Assets Memory track]: asset-db:worker-init start:18.05MB, end 94.01MB, increase: 75.96MB
2024-4-11 17:28:58-debug: Run asset db hook programming:beforePreStart ...
2024-4-11 17:28:58-debug: Run asset db hook programming:beforePreStart success!
2024-4-11 17:28:58-debug: Run asset db hook engine-extends:beforePreStart success!
2024-4-11 17:28:58-debug: Run asset db hook engine-extends:beforePreStart ...
2024-4-11 17:29:15-debug: [Assets Memory track]: asset-db-plugin-enable: builder start:115.11MB, end 329.56MB, increase: 214.45MB
2024-4-11 17:29:02-debug: run package(builder) handler(enable) start
2024-4-11 17:29:15-debug: run package(builder) handler(enable) success!
2024-4-11 17:29:15-debug: run package(shortcuts) handler(enable) success!
2024-4-11 17:29:15-debug: run package(animation-graph) handler(enable) start
2024-4-11 17:29:15-debug: run package(animation-graph) handler(enable) success!
2024-4-11 17:29:15-debug: run package(about) handler(enable) success!
2024-4-11 17:29:15-debug: run package(shortcuts) handler(enable) start
2024-4-11 17:29:15-debug: run package(assets) handler(enable) start
2024-4-11 17:29:15-debug: run package(assets) handler(enable) success!
2024-4-11 17:29:15-debug: run package(about) handler(enable) start
2024-4-11 17:29:15-debug: run package(console) handler(enable) start
2024-4-11 17:29:15-debug: run package(crash-reporter) handler(enable) success!
2024-4-11 17:29:15-debug: run package(console) handler(enable) success!
2024-4-11 17:29:15-debug: run package(crash-reporter) handler(enable) start
2024-4-11 17:29:15-debug: run package(extension) handler(enable) success!
2024-4-11 17:29:15-debug: run package(extension) handler(enable) start
2024-4-11 17:29:15-debug: run package(hierarchy) handler(enable) success!
2024-4-11 17:29:15-debug: run package(inspector) handler(enable) success!
2024-4-11 17:29:15-debug: run package(inspector) handler(enable) start
2024-4-11 17:29:15-debug: run package(light-probe) handler(enable) start
2024-4-11 17:29:15-debug: run package(light-probe) handler(enable) success!
2024-4-11 17:29:15-debug: run package(lightmap) handler(enable) success!
2024-4-11 17:29:15-debug: run package(lightmap) handler(enable) start
2024-4-11 17:29:15-debug: run package(hierarchy) handler(enable) start
2024-4-11 17:29:15-debug: run package(node-library) handler(enable) success!
2024-4-11 17:29:15-debug: run package(package-asset) handler(enable) success!
2024-4-11 17:29:15-debug: run package(package-asset) handler(enable) start
2024-4-11 17:29:15-debug: run package(process) handler(enable) success!
2024-4-11 17:29:15-debug: run package(node-library) handler(enable) start
2024-4-11 17:29:15-debug: run package(reference-image) handler(enable) start
2024-4-11 17:29:15-debug: run package(reference-image) handler(enable) success!
2024-4-11 17:29:15-debug: run package(reflection-probe) handler(enable) success!
2024-4-11 17:29:15-debug: run package(reflection-probe) handler(enable) start
2024-4-11 17:29:15-debug: run package(engine-extends) handler(enable) success!
2024-4-11 17:29:15-debug: run package(process) handler(enable) start
2024-4-11 17:29:15-debug: run package(engine-extends) handler(enable) start
2024-4-11 17:29:15-debug: run package(alipay-mini-game) handler(enable) start
2024-4-11 17:29:15-debug: run package(adsense-h5g-plugin) handler(enable) start
2024-4-11 17:29:15-debug: run package(android) handler(enable) start
2024-4-11 17:29:15-debug: run package(adsense-h5g-plugin) handler(enable) success!
2024-4-11 17:29:15-debug: run package(bytedance-mini-game) handler(enable) start
2024-4-11 17:29:15-debug: run package(alipay-mini-game) handler(enable) success!
2024-4-11 17:29:15-debug: run package(bytedance-mini-game) handler(enable) success!
2024-4-11 17:29:15-debug: run package(certificate) handler(enable) success!
2024-4-11 17:29:15-debug: run package(channel-upload-tools) handler(enable) start
2024-4-11 17:29:15-debug: run package(channel-upload-tools) handler(enable) success!
2024-4-11 17:29:15-debug: run package(fb-instant-games) handler(enable) start
2024-4-11 17:29:15-debug: run package(fb-instant-games) handler(enable) success!
2024-4-11 17:29:15-debug: run package(huawei-agc) handler(enable) start
2024-4-11 17:29:15-debug: run package(certificate) handler(enable) start
2024-4-11 17:29:15-debug: run package(huawei-agc) handler(enable) success!
2024-4-11 17:29:15-debug: run package(huawei-quick-game) handler(enable) success!
2024-4-11 17:29:15-debug: run package(ios) handler(enable) start
2024-4-11 17:29:15-debug: run package(huawei-quick-game) handler(enable) start
2024-4-11 17:29:15-debug: run package(linux) handler(enable) start
2024-4-11 17:29:15-debug: run package(android) handler(enable) success!
2024-4-11 17:29:15-debug: run package(ios) handler(enable) success!
2024-4-11 17:29:15-debug: run package(linux) handler(enable) success!
2024-4-11 17:29:15-debug: run package(native) handler(enable) start
2024-4-11 17:29:15-debug: run package(native) handler(enable) success!
2024-4-11 17:29:15-debug: run package(mac) handler(enable) start
2024-4-11 17:29:15-debug: run package(ohos) handler(enable) start
2024-4-11 17:29:15-debug: run package(openharmony) handler(enable) start
2024-4-11 17:29:15-debug: run package(ohos) handler(enable) success!
2024-4-11 17:29:15-debug: run package(openharmony) handler(enable) success!
2024-4-11 17:29:15-debug: run package(oppo-mini-game) handler(enable) success!
2024-4-11 17:29:15-debug: run package(runtime-dev-tools) handler(enable) start
2024-4-11 17:29:15-debug: run package(runtime-dev-tools) handler(enable) success!
2024-4-11 17:29:15-debug: run package(mac) handler(enable) success!
2024-4-11 17:29:15-debug: run package(taobao-creative-app) handler(enable) start
2024-4-11 17:29:15-debug: run package(taobao-creative-app) handler(enable) success!
2024-4-11 17:29:15-debug: run package(taobao-mini-game) handler(enable) success!
2024-4-11 17:29:15-debug: run package(vivo-mini-game) handler(enable) start
2024-4-11 17:29:15-debug: run package(taobao-mini-game) handler(enable) start
2024-4-11 17:29:15-debug: run package(vivo-mini-game) handler(enable) success!
2024-4-11 17:29:15-debug: run package(oppo-mini-game) handler(enable) start
2024-4-11 17:29:15-debug: run package(web-desktop) handler(enable) start
2024-4-11 17:29:15-debug: run package(web-desktop) handler(enable) success!
2024-4-11 17:29:15-debug: run package(web-mobile) handler(enable) success!
2024-4-11 17:29:15-debug: run package(wechatgame) handler(enable) success!
2024-4-11 17:29:15-debug: run package(web-mobile) handler(enable) start
2024-4-11 17:29:15-debug: run package(wechatprogram) handler(enable) start
2024-4-11 17:29:15-debug: run package(windows) handler(enable) start
2024-4-11 17:29:15-debug: run package(wechatprogram) handler(enable) success!
2024-4-11 17:29:15-debug: run package(xiaomi-quick-game) handler(enable) start
2024-4-11 17:29:15-debug: run package(xiaomi-quick-game) handler(enable) success!
2024-4-11 17:29:15-debug: run package(windows) handler(enable) success!
2024-4-11 17:29:15-debug: run package(wechatgame) handler(enable) start
2024-4-11 17:29:15-debug: run package(cocos-service) handler(enable) start
2024-4-11 17:29:15-debug: run package(im-plugin) handler(enable) start
2024-4-11 17:29:15-debug: run package(im-plugin) handler(enable) success!
2024-4-11 17:29:15-debug: asset-db-hook-programming-beforePreStart (13275ms)
2024-4-11 17:29:15-debug: run package(cocos-service) handler(enable) success!
2024-4-11 17:29:15-debug: asset-db-hook-engine-extends-beforePreStart (13275ms)
2024-4-11 17:29:15-debug: run package(placeholder) handler(enable) success!
2024-4-11 17:29:15-debug: run package(placeholder) handler(enable) start
2024-4-11 17:29:15-debug: asset-db:worker-init (17901ms)
2024-4-11 17:29:15-debug: Preimport db internal success
2024-4-11 17:29:15-debug: Run asset db hook programming:afterPreStart ...
2024-4-11 17:29:15-debug: Preimport db assets success
2024-4-11 17:29:16-debug: Set detail map pack:///resolution-detail-map.json: {}
2024-4-11 17:29:16-debug: Run asset db hook engine-extends:afterPreStart success!
2024-4-11 17:29:16-debug: Run asset db hook programming:afterPreStart success!
2024-4-11 17:29:16-debug: [Assets Memory track]: asset-db:worker-init: preStart start:94.01MB, end 329.06MB, increase: 235.05MB
2024-4-11 17:29:16-debug: Start up the 'internal' database...
2024-4-11 17:29:16-debug: Run asset db hook engine-extends:afterPreStart ...
2024-4-11 17:29:17-debug: asset-db-hook-programming-afterPreStart (1483ms)
2024-4-11 17:29:17-debug: asset-db-hook-engine-extends-afterPreStart (843ms)
2024-4-11 17:29:17-debug: asset-db:worker-effect-data-processing (843ms)
2024-4-11 17:29:17-debug: start asset-db(internal) with asset: 463
2024-4-11 17:29:17-debug: [Assets Memory track]: asset-db:worker-startup-database[internal] start:114.04MB, end 327.34MB, increase: 213.30MB
2024-4-11 17:29:17-debug: Start up the 'assets' database...
2024-4-11 17:29:17-debug: start asset-db(assets) with asset: 10
2024-4-11 17:29:17-debug: asset-db:worker-startup-database[internal] (16889ms)
2024-4-11 17:29:17-debug: asset-db:worker-startup-database[assets] (1773ms)
2024-4-11 17:29:17-debug: asset-db:start-database (19049ms)
2024-4-11 17:29:17-debug: asset-db:ready (29012ms)
2024-4-11 17:29:17-debug: init worker message success
2024-4-11 17:29:18-debug: [Build Memory track]: builder:worker-init start:329.38MB, end 338.99MB, increase: 9.61MB
2024-4-11 17:29:18-debug: builder:worker-init (1391ms)
2024-4-11 17:29:18-debug: programming:execute-script (1408ms)
2024-4-11 17:29:21-debug: programming:execute-script (7ms)
2024-4-11 17:33:29-debug: refresh db internal success
2024-4-11 17:33:29-debug: %cImport%c: D:\Project\cocos\test\assets\script\GameController.tsbackground: #aaff85; color: #000;color: #000;
2024-4-11 17:33:29-debug: refresh db assets success
2024-4-11 17:33:29-debug: Run asset db hook engine-extends:afterRefresh ...
2024-4-11 17:33:29-debug: Run asset db hook engine-extends:afterRefresh success!
2024-4-11 17:33:29-debug: asset-db:refresh-all-database (84ms)
2024-4-11 17:33:29-debug: asset-db-hook-engine-extends-afterRefresh (1ms)
2024-4-11 17:38:05-debug: refresh db internal success
2024-4-11 17:38:05-debug: refresh db assets success
2024-4-11 17:38:05-debug: Run asset db hook engine-extends:afterRefresh ...
2024-4-11 17:38:05-debug: Run asset db hook engine-extends:afterRefresh success!
2024-4-11 17:38:05-debug: asset-db:refresh-all-database (74ms)
2024-4-11 17:38:05-debug: asset-db:worker-effect-data-processing (1ms)
2024-4-11 17:38:05-debug: asset-db-hook-engine-extends-afterRefresh (1ms)
2024-4-11 17:39:00-debug: refresh db internal success
2024-4-11 17:39:00-debug: refresh db assets success
2024-4-11 17:39:00-debug: Run asset db hook engine-extends:afterRefresh ...
2024-4-11 17:39:00-debug: Run asset db hook engine-extends:afterRefresh success!
2024-4-11 17:39:00-debug: asset-db:refresh-all-database (80ms)
2024-4-11 17:39:00-debug: asset-db:worker-effect-data-processing (2ms)
2024-4-11 17:39:00-debug: asset-db-hook-engine-extends-afterRefresh (2ms)
