2024-4-11 07:51:33-log: Cannot access game frame or container.
2024-4-11 07:51:33-debug: asset-db:require-engine-code (3399ms)
2024-4-11 07:51:34-log: Cocos Creator v3.8.1
2024-4-11 07:51:34-debug: [Assets Memory track]: asset-db:worker-init: initEngine start:18.05MB, end 91.81MB, increase: 73.76MB
2024-4-11 07:51:35-debug: [Assets Memory track]: asset-db-plugin-register: engine-extends start:96.29MB, end 99.91MB, increase: 3.61MB
2024-4-11 07:51:35-debug: [Assets Memory track]: asset-db-plugin-enable: project start:96.47MB, end 99.91MB, increase: 3.44MB
2024-4-11 07:51:35-debug: [Assets Memory track]: asset-db-plugin-register: programming start:92.58MB, end 96.25MB, increase: 3.66MB
2024-4-11 07:51:35-debug: [Assets Memory track]: asset-db:worker-init: initPlugin start:91.82MB, end 99.92MB, increase: 8.10MB
2024-4-11 07:51:35-debug: asset-db:worker-init: initPlugin (248ms)
2024-4-11 07:51:35-debug: [Assets Memory track]: asset-db:worker-init start:18.05MB, end 94.16MB, increase: 76.11MB
2024-4-11 07:51:35-debug: Run asset db hook programming:beforePreStart ...
2024-4-11 07:51:35-debug: Run asset db hook programming:beforePreStart success!
2024-4-11 07:51:35-debug: Run asset db hook engine-extends:beforePreStart success!
2024-4-11 07:51:35-debug: Run asset db hook engine-extends:beforePreStart ...
2024-4-11 07:51:54-debug: [Assets Memory track]: asset-db-plugin-enable: builder start:114.87MB, end 334.62MB, increase: 219.74MB
2024-4-11 07:51:54-debug: run package(shortcuts) handler(enable) start
2024-4-11 07:51:54-debug: run package(builder) handler(enable) success!
2024-4-11 07:51:54-debug: run package(animation-graph) handler(enable) start
2024-4-11 07:51:54-debug: run package(animation-graph) handler(enable) success!
2024-4-11 07:51:54-debug: run package(about) handler(enable) start
2024-4-11 07:51:54-debug: run package(shortcuts) handler(enable) success!
2024-4-11 07:51:39-debug: run package(builder) handler(enable) start
2024-4-11 07:51:54-debug: run package(about) handler(enable) success!
2024-4-11 07:51:54-debug: run package(console) handler(enable) start
2024-4-11 07:51:54-debug: run package(assets) handler(enable) success!
2024-4-11 07:51:54-debug: run package(console) handler(enable) success!
2024-4-11 07:51:54-debug: run package(crash-reporter) handler(enable) success!
2024-4-11 07:51:54-debug: run package(extension) handler(enable) start
2024-4-11 07:51:54-debug: run package(crash-reporter) handler(enable) start
2024-4-11 07:51:54-debug: run package(extension) handler(enable) success!
2024-4-11 07:51:54-debug: run package(hierarchy) handler(enable) start
2024-4-11 07:51:54-debug: run package(hierarchy) handler(enable) success!
2024-4-11 07:51:54-debug: run package(inspector) handler(enable) success!
2024-4-11 07:51:54-debug: run package(light-probe) handler(enable) start
2024-4-11 07:51:54-debug: run package(light-probe) handler(enable) success!
2024-4-11 07:51:54-debug: run package(lightmap) handler(enable) start
2024-4-11 07:51:54-debug: run package(inspector) handler(enable) start
2024-4-11 07:51:54-debug: run package(node-library) handler(enable) start
2024-4-11 07:51:54-debug: run package(node-library) handler(enable) success!
2024-4-11 07:51:54-debug: run package(package-asset) handler(enable) start
2024-4-11 07:51:54-debug: run package(package-asset) handler(enable) success!
2024-4-11 07:51:54-debug: run package(process) handler(enable) start
2024-4-11 07:51:54-debug: run package(lightmap) handler(enable) success!
2024-4-11 07:51:54-debug: run package(reference-image) handler(enable) start
2024-4-11 07:51:54-debug: run package(process) handler(enable) success!
2024-4-11 07:51:54-debug: run package(reference-image) handler(enable) success!
2024-4-11 07:51:54-debug: run package(reflection-probe) handler(enable) success!
2024-4-11 07:51:54-debug: run package(engine-extends) handler(enable) start
2024-4-11 07:51:54-debug: run package(reflection-probe) handler(enable) start
2024-4-11 07:51:54-debug: run package(adsense-h5g-plugin) handler(enable) start
2024-4-11 07:51:54-debug: run package(adsense-h5g-plugin) handler(enable) success!
2024-4-11 07:51:54-debug: run package(assets) handler(enable) start
2024-4-11 07:51:54-debug: run package(engine-extends) handler(enable) success!
2024-4-11 07:51:54-debug: run package(alipay-mini-game) handler(enable) start
2024-4-11 07:51:54-debug: run package(alipay-mini-game) handler(enable) success!
2024-4-11 07:51:54-debug: run package(bytedance-mini-game) handler(enable) start
2024-4-11 07:51:54-debug: run package(android) handler(enable) start
2024-4-11 07:51:54-debug: run package(android) handler(enable) success!
2024-4-11 07:51:54-debug: run package(certificate) handler(enable) success!
2024-4-11 07:51:54-debug: run package(bytedance-mini-game) handler(enable) success!
2024-4-11 07:51:54-debug: run package(channel-upload-tools) handler(enable) success!
2024-4-11 07:51:54-debug: run package(fb-instant-games) handler(enable) start
2024-4-11 07:51:54-debug: run package(channel-upload-tools) handler(enable) start
2024-4-11 07:51:54-debug: run package(fb-instant-games) handler(enable) success!
2024-4-11 07:51:54-debug: run package(huawei-agc) handler(enable) start
2024-4-11 07:51:54-debug: run package(certificate) handler(enable) start
2024-4-11 07:51:54-debug: run package(huawei-quick-game) handler(enable) start
2024-4-11 07:51:54-debug: run package(huawei-quick-game) handler(enable) success!
2024-4-11 07:51:54-debug: run package(ios) handler(enable) success!
2024-4-11 07:51:54-debug: run package(huawei-agc) handler(enable) success!
2024-4-11 07:51:54-debug: run package(ios) handler(enable) start
2024-4-11 07:51:54-debug: run package(linux) handler(enable) start
2024-4-11 07:51:54-debug: run package(mac) handler(enable) success!
2024-4-11 07:51:54-debug: run package(linux) handler(enable) success!
2024-4-11 07:51:54-debug: run package(native) handler(enable) success!
2024-4-11 07:51:54-debug: run package(mac) handler(enable) start
2024-4-11 07:51:54-debug: run package(native) handler(enable) start
2024-4-11 07:51:54-debug: run package(openharmony) handler(enable) start
2024-4-11 07:51:54-debug: run package(ohos) handler(enable) start
2024-4-11 07:51:54-debug: run package(ohos) handler(enable) success!
2024-4-11 07:51:54-debug: run package(oppo-mini-game) handler(enable) start
2024-4-11 07:51:54-debug: run package(runtime-dev-tools) handler(enable) start
2024-4-11 07:51:54-debug: run package(oppo-mini-game) handler(enable) success!
2024-4-11 07:51:54-debug: run package(runtime-dev-tools) handler(enable) success!
2024-4-11 07:51:54-debug: run package(taobao-creative-app) handler(enable) success!
2024-4-11 07:51:54-debug: run package(taobao-mini-game) handler(enable) start
2024-4-11 07:51:54-debug: run package(taobao-creative-app) handler(enable) start
2024-4-11 07:51:54-debug: run package(vivo-mini-game) handler(enable) start
2024-4-11 07:51:54-debug: run package(taobao-mini-game) handler(enable) success!
2024-4-11 07:51:54-debug: run package(openharmony) handler(enable) success!
2024-4-11 07:51:54-debug: run package(vivo-mini-game) handler(enable) success!
2024-4-11 07:51:54-debug: run package(web-desktop) handler(enable) success!
2024-4-11 07:51:54-debug: run package(web-mobile) handler(enable) success!
2024-4-11 07:51:54-debug: run package(web-desktop) handler(enable) start
2024-4-11 07:51:54-debug: run package(wechatgame) handler(enable) success!
2024-4-11 07:51:54-debug: run package(wechatgame) handler(enable) start
2024-4-11 07:51:54-debug: run package(wechatprogram) handler(enable) start
2024-4-11 07:51:54-debug: run package(windows) handler(enable) start
2024-4-11 07:51:54-debug: run package(wechatprogram) handler(enable) success!
2024-4-11 07:51:54-debug: run package(xiaomi-quick-game) handler(enable) start
2024-4-11 07:51:54-debug: run package(web-mobile) handler(enable) start
2024-4-11 07:51:54-debug: run package(xiaomi-quick-game) handler(enable) success!
2024-4-11 07:51:54-debug: run package(windows) handler(enable) success!
2024-4-11 07:51:54-debug: run package(cocos-service) handler(enable) start
2024-4-11 07:51:54-debug: run package(im-plugin) handler(enable) start
2024-4-11 07:51:54-debug: run package(cocos-service) handler(enable) success!
2024-4-11 07:51:54-debug: asset-db-hook-programming-beforePreStart (15672ms)
2024-4-11 07:51:54-debug: run package(im-plugin) handler(enable) success!
2024-4-11 07:51:54-debug: asset-db-hook-engine-extends-beforePreStart (15672ms)
2024-4-11 07:51:54-debug: asset-db:worker-init (20513ms)
2024-4-11 07:51:54-debug: run package(placeholder) handler(enable) start
2024-4-11 07:51:54-debug: run package(placeholder) handler(enable) success!
2024-4-11 07:51:54-debug: Preimport db internal success
2024-4-11 07:51:54-debug: Preimport db assets success
2024-4-11 07:51:54-debug: Run asset db hook programming:afterPreStart ...
2024-4-11 07:51:55-debug: Set detail map pack:///resolution-detail-map.json: {}
2024-4-11 07:51:55-debug: Run asset db hook engine-extends:afterPreStart success!
2024-4-11 07:51:55-debug: [Assets Memory track]: asset-db:worker-init: preStart start:94.16MB, end 333.96MB, increase: 239.80MB
2024-4-11 07:51:55-debug: Run asset db hook programming:afterPreStart success!
2024-4-11 07:51:55-debug: Run asset db hook engine-extends:afterPreStart ...
2024-4-11 07:51:55-debug: Start up the 'internal' database...
2024-4-11 07:51:56-debug: asset-db-hook-programming-afterPreStart (1424ms)
2024-4-11 07:51:56-debug: asset-db-hook-engine-extends-afterPreStart (806ms)
2024-4-11 07:51:56-debug: asset-db:worker-effect-data-processing (806ms)
2024-4-11 07:51:56-debug: start asset-db(internal) with asset: 463
2024-4-11 07:51:56-debug: [Assets Memory track]: asset-db:worker-startup-database[internal] start:113.69MB, end 332.53MB, increase: 218.84MB
2024-4-11 07:51:56-debug: Start up the 'assets' database...
2024-4-11 07:51:56-debug: start asset-db(assets) with asset: 10
2024-4-11 07:51:56-debug: asset-db:worker-startup-database[internal] (19014ms)
2024-4-11 07:51:56-debug: asset-db:worker-startup-database[assets] (1681ms)
2024-4-11 07:51:56-debug: asset-db:start-database (21324ms)
2024-4-11 07:51:56-debug: asset-db:ready (33791ms)
2024-4-11 07:51:56-debug: init worker message success
2024-4-11 07:51:58-debug: [Build Memory track]: builder:worker-init start:334.61MB, end 344.43MB, increase: 9.82MB
2024-4-11 07:51:58-debug: builder:worker-init (1451ms)
2024-4-11 07:51:58-debug: programming:execute-script (1465ms)
2024-4-11 07:52:00-debug: programming:execute-script (7ms)
2024-4-11 07:52:34-debug: refresh db internal success
2024-4-11 07:52:34-debug: refresh db assets success
2024-4-11 07:52:34-debug: Run asset db hook engine-extends:afterRefresh ...
2024-4-11 07:52:34-debug: Run asset db hook engine-extends:afterRefresh success!
2024-4-11 07:52:34-debug: asset-db:refresh-all-database (251ms)
2024-4-11 07:52:34-debug: asset-db:worker-effect-data-processing (41ms)
2024-4-11 07:52:34-debug: asset-db-hook-engine-extends-afterRefresh (41ms)
2024-4-11 07:52:34-debug: Query all assets info in project
2024-4-11 07:52:34-debug: init custom config: keepNodeUuid: false, useCache: true
2024-4-11 07:52:34-debug:   Number of all scenes: 1
2024-4-11 07:52:34-debug:   Number of other assets: 326
2024-4-11 07:52:34-debug:   Number of all scripts: 4
2024-4-11 07:52:34-debug: reload all scripts.
2024-4-11 07:52:34-debug: Set detail map pack:///resolution-detail-map.json: {}
2024-4-11 07:52:34-debug: [[Executor]] Module "cce:/internal/x/cc-fu/base" loaded.
2024-4-11 07:52:34-debug: [[Executor]] Module "cce:/internal/x/cc-fu/gfx-webgl" loaded.
2024-4-11 07:52:34-debug: D:\Project\cocos\test\temp\programming\packer-driver\targets\editor\chunks\93\93ba276ea7b26ffcdc433fab14afc1ed6f05647b.js resolved to D:\Project\cocos\test\temp\programming\packer-driver\targets\editor\chunks\93\93ba276ea7b26ffcdc433fab14afc1ed6f05647b.js is not in module cache!
2024-4-11 07:52:34-debug: [[Executor]] Module "cce:/internal/x/cc-fu/gfx-webgl2" loaded.
2024-4-11 07:52:34-debug: [[Executor]] Module "cce:/internal/x/cc-fu/gfx-empty" loaded.
2024-4-11 07:52:34-debug: [[Executor]] Module "cce:/internal/x/cc-fu/3d" loaded.
2024-4-11 07:52:34-debug: [[Executor]] Module "cce:/internal/x/cc-fu/animation" loaded.
2024-4-11 07:52:34-debug: [[Executor]] Module "cce:/internal/x/cc-fu/skeletal-animation" loaded.
2024-4-11 07:52:34-debug: [[Executor]] Module "cce:/internal/x/cc-fu/sorting" loaded.
2024-4-11 07:52:34-debug: [[Executor]] Module "cce:/internal/x/cc-fu/2d" loaded.
2024-4-11 07:52:34-debug: [[Executor]] Module "cce:/internal/x/cc-fu/particle" loaded.
2024-4-11 07:52:34-debug: [[Executor]] Module "cce:/internal/x/cc-fu/particle-2d" loaded.
2024-4-11 07:52:34-debug: [[Executor]] Module "cce:/internal/x/cc-fu/physics-framework" loaded.
2024-4-11 07:52:34-debug: [[Executor]] Module "cce:/internal/x/cc-fu/physics-2d-framework" loaded.
2024-4-11 07:52:34-debug: [[Executor]] Module "cce:/internal/x/cc-fu/physics-2d-box2d-wasm" loaded.
2024-4-11 07:52:34-debug: [[Executor]] Module "cce:/internal/x/cc-fu/intersection-2d" loaded.
2024-4-11 07:52:34-debug: [[Executor]] Module "cce:/internal/x/cc-fu/primitive" loaded.
2024-4-11 07:52:34-debug: [[Executor]] Module "cce:/internal/x/cc-fu/profiler" loaded.
2024-4-11 07:52:34-debug: [[Executor]] Module "cce:/internal/x/cc-fu/geometry-renderer" loaded.
2024-4-11 07:52:34-debug: [[Executor]] Module "cce:/internal/x/cc-fu/ui" loaded.
2024-4-11 07:52:34-debug: [[Executor]] Module "cce:/internal/x/cc-fu/audio" loaded.
2024-4-11 07:52:34-debug: [[Executor]] Module "cce:/internal/x/cc-fu/video" loaded.
2024-4-11 07:52:34-debug: [[Executor]] Module "cce:/internal/x/cc-fu/light-probe" loaded.
2024-4-11 07:52:34-debug: [[Executor]] Module "cce:/internal/x/cc-fu/terrain" loaded.
2024-4-11 07:52:34-debug: [[Executor]] Module "cce:/internal/x/cc-fu/webview" loaded.
2024-4-11 07:52:34-debug: [[Executor]] Module "cce:/internal/x/cc-fu/xr" loaded.
2024-4-11 07:52:34-debug: [[Executor]] Module "cce:/internal/x/cc-fu/tween" loaded.
2024-4-11 07:52:34-debug: [[Executor]] Module "cce:/internal/x/cc-fu/tiled-map" loaded.
2024-4-11 07:52:34-debug: [[Executor]] Module "cce:/internal/x/cc-fu/dragon-bones" loaded.
2024-4-11 07:52:34-debug: [[Executor]] Module "cce:/internal/x/cc-fu/custom-pipeline" loaded.
2024-4-11 07:52:34-debug: [[Executor]] Module "cce:/internal/x/cc-fu/base" loaded.
2024-4-11 07:52:34-debug: [[Executor]] Module "cce:/internal/x/cc-fu/spine" loaded.
2024-4-11 07:52:34-debug: [[Executor]] Module "cce:/internal/x/cc-fu/gfx-webgl" loaded.
2024-4-11 07:52:34-debug: [[Executor]] Module "cce:/internal/x/cc-fu/gfx-webgl2" loaded.
2024-4-11 07:52:34-debug: [[Executor]] Module "cce:/internal/x/cc-fu/gfx-empty" loaded.
2024-4-11 07:52:34-debug: [[Executor]] Module "cce:/internal/x/cc-fu/3d" loaded.
2024-4-11 07:52:34-debug: [[Executor]] Module "cce:/internal/x/cc-fu/animation" loaded.
2024-4-11 07:52:34-debug: [[Executor]] Module "cce:/internal/x/cc-fu/skeletal-animation" loaded.
2024-4-11 07:52:34-debug: [[Executor]] Module "cce:/internal/x/cc-fu/sorting" loaded.
2024-4-11 07:52:34-debug: [[Executor]] Module "cce:/internal/x/cc-fu/2d" loaded.
2024-4-11 07:52:34-debug: [[Executor]] Module "cce:/internal/x/cc-fu/ui" loaded.
2024-4-11 07:52:34-debug: [[Executor]] Module "cce:/internal/x/cc-fu/particle" loaded.
2024-4-11 07:52:34-debug: [[Executor]] Module "cce:/internal/x/cc-fu/particle-2d" loaded.
2024-4-11 07:52:34-debug: [[Executor]] Module "cce:/internal/x/cc-fu/physics-framework" loaded.
2024-4-11 07:52:34-debug: [[Executor]] Module "cce:/internal/x/cc-fu/physics-2d-framework" loaded.
2024-4-11 07:52:34-debug: [[Executor]] Module "cce:/internal/x/cc-fu/physics-2d-box2d-wasm" loaded.
2024-4-11 07:52:34-debug: [[Executor]] Module "cce:/internal/x/cc-fu/intersection-2d" loaded.
2024-4-11 07:52:34-debug: [[Executor]] Module "cce:/internal/x/cc-fu/primitive" loaded.
2024-4-11 07:52:34-debug: [[Executor]] Module "cce:/internal/x/cc-fu/geometry-renderer" loaded.
2024-4-11 07:52:34-debug: [[Executor]] Module "cce:/internal/x/cc-fu/audio" loaded.
2024-4-11 07:52:34-debug: [[Executor]] Module "cce:/internal/x/cc-fu/profiler" loaded.
2024-4-11 07:52:34-debug: [[Executor]] Module "cce:/internal/x/cc-fu/video" loaded.
2024-4-11 07:52:34-debug: [[Executor]] Module "cce:/internal/x/cc-fu/light-probe" loaded.
2024-4-11 07:52:34-debug: [[Executor]] Module "cce:/internal/x/cc-fu/xr" loaded.
2024-4-11 07:52:34-debug: [[Executor]] Module "cce:/internal/x/cc-fu/terrain" loaded.
2024-4-11 07:52:34-debug: [[Executor]] Module "cce:/internal/x/cc-fu/tween" loaded.
2024-4-11 07:52:34-debug: [[Executor]] Module "cce:/internal/x/cc-fu/webview" loaded.
2024-4-11 07:52:34-debug: [[Executor]] Module "cce:/internal/x/cc-fu/tiled-map" loaded.
2024-4-11 07:52:34-debug: [[Executor]] Module "cce:/internal/x/cc-fu/dragon-bones" loaded.
2024-4-11 07:52:34-debug: [[Executor]] Module "cce:/internal/x/cc-fu/spine" loaded.
2024-4-11 07:52:34-debug: [[Executor]] Module "cce:/internal/x/cc-fu/custom-pipeline" loaded.
2024-4-11 07:52:34-debug: Invalidating 'pack:///chunks/93/93ba276ea7b26ffcdc433fab14afc1ed6f05647b.js'
2024-4-11 07:52:34-debug: [[Executor]] Module "pack:///chunks/93/93ba276ea7b26ffcdc433fab14afc1ed6f05647b.js" loaded.
2024-4-11 07:52:34-debug: [[Executor]] Module "pack:///chunks/93/93ba276ea7b26ffcdc433fab14afc1ed6f05647b.js" loaded.
2024-4-11 07:52:34-debug: D:\Project\cocos\test\temp\programming\packer-driver\targets\editor\chunks\6d\6d8fd2b0177941b032ddc0733af48a561fb60657.js resolved to D:\Project\cocos\test\temp\programming\packer-driver\targets\editor\chunks\6d\6d8fd2b0177941b032ddc0733af48a561fb60657.js is not in module cache!
2024-4-11 07:52:34-debug: [[Executor]] Module "pack:///chunks/6d/6d8fd2b0177941b032ddc0733af48a561fb60657.js" loaded.
2024-4-11 07:52:34-debug: D:\Project\cocos\test\temp\programming\packer-driver\targets\editor\chunks\bf\bf2a5ff7e8de9b32e53abd7c8de160e985314530.js resolved to D:\Project\cocos\test\temp\programming\packer-driver\targets\editor\chunks\bf\bf2a5ff7e8de9b32e53abd7c8de160e985314530.js is not in module cache!
2024-4-11 07:52:34-debug: [[Executor]] Register DebugViewRuntimeControl
2024-4-11 07:52:34-debug: [[Executor]] Module "pack:///chunks/bf/bf2a5ff7e8de9b32e53abd7c8de160e985314530.js" loaded.
2024-4-11 07:52:34-debug: D:\Project\cocos\test\temp\programming\packer-driver\targets\editor\chunks\e5\e58d0be131aad4471d719affcc89b83f418c34a8.js resolved to D:\Project\cocos\test\temp\programming\packer-driver\targets\editor\chunks\e5\e58d0be131aad4471d719affcc89b83f418c34a8.js is not in module cache!
2024-4-11 07:52:34-debug: [[Executor]] Register Main
2024-4-11 07:52:34-debug: [[Executor]] Module "pack:///chunks/e5/e58d0be131aad4471d719affcc89b83f418c34a8.js" loaded.
2024-4-11 07:52:34-debug: D:\Project\cocos\test\temp\programming\packer-driver\targets\editor\chunks\07\07c6df2c0ee8183ff11dba7703477a0d3b4c0859.js resolved to D:\Project\cocos\test\temp\programming\packer-driver\targets\editor\chunks\07\07c6df2c0ee8183ff11dba7703477a0d3b4c0859.js is not in module cache!
2024-4-11 07:52:34-debug: [[Executor]] Register AssetMgr
2024-4-11 07:52:34-debug: [[Executor]] Module "pack:///chunks/07/07c6df2c0ee8183ff11dba7703477a0d3b4c0859.js" loaded.
2024-4-11 07:52:34-debug: D:\Project\cocos\test\temp\programming\packer-driver\targets\editor\chunks\43\436b114cd6ce3d0d270683ba3c4de65c46946f50.js resolved to D:\Project\cocos\test\temp\programming\packer-driver\targets\editor\chunks\43\436b114cd6ce3d0d270683ba3c4de65c46946f50.js is not in module cache!
2024-4-11 07:52:34-debug: D:\Project\cocos\test\temp\programming\packer-driver\targets\editor\chunks\6a\6a5019a719a9014c047e67aa1cf34453ab8392ce.js resolved to D:\Project\cocos\test\temp\programming\packer-driver\targets\editor\chunks\6a\6a5019a719a9014c047e67aa1cf34453ab8392ce.js is not in module cache!
2024-4-11 07:52:34-debug: [[Executor]] Module "pack:///chunks/6a/6a5019a719a9014c047e67aa1cf34453ab8392ce.js" loaded.
2024-4-11 07:52:34-debug: [[Executor]] Module "pack:///chunks/43/436b114cd6ce3d0d270683ba3c4de65c46946f50.js" loaded.
2024-4-11 07:52:34-debug: Incremental keys: 
2024-4-11 07:52:34-debug: [[Executor]] Register GameController
2024-4-11 07:52:34-debug: [[Executor]] Module "pack:///chunks/6d/6d8fd2b0177941b032ddc0733af48a561fb60657.js" loaded.
2024-4-11 07:52:34-debug: // ---- build task 查询 Asset Bundle ----
2024-4-11 07:52:34-debug: 查询 Asset Bundle start0%
2024-4-11 07:52:34-debug: Query preload assets from cc.config.json: 60f7195c-ec2a-45eb-ba94-8955f60e81d0,1c02ae6f-4492-4915-b8f8-7492a3b1e4cd,810e96e4-e456-4468-9b59-f4e8f39732c0,efe8e2a3-eace-427b-b4f1-cb8a937ec77d,e9aa9a3e-5b2b-4ac7-a2c7-073de2b2b24f,8bbdbcdd-5cd4-4100-b6d5-b7c9625b6107,50f4348b-c883-4e2f-8f11-ce233b859fa1,fda095cb-831d-4601-ad94-846013963de8,f92806d7-1768-443f-afe8-12bcde84d0f0,dd3a144d-ab7f-41f0-82b8-2e43a090d496,f0416e68-0200-4b77-a926-4f9d16e494da,511d2633-09a7-4bdd-ac42-f778032124b3,5d45aa00-e064-4938-b314-4265f0c2258c,9361fd90-ba52-4f84-aa93-6e878fd576ca,970b0598-bcb0-4714-91fb-2e81440dccd8,bcd64cc6-2dd9-43f6-abbe-66318d332032,d930590d-bb92-4cc8-8bd1-23cd027f9edf,a3cd009f-0ab0-420d-9278-b9fdab939bbc,c27215d8-6835-4b68-bfbb-bdeac6100c04,b5d6115f-0370-4d7c-aad3-c194cc71cf98,d1346436-ac96-4271-b863-1f4fdead95b0,971bdb23-3ff6-43eb-b422-1c30165a3663,17debcc3-0a6b-4b8a-b00b-dc58b885581e,711ebe11-f673-4cd9-9a83-63c60ba54c5b,c0143906-9aed-447e-9436-2ae8512d1b6e,14da1725-c4c2-42b4-ab08-ee0aeb6898b3,081cab31-dccd-428e-8652-f2404cc81c47,78e0584a-4343-4727-8f37-e14e65c2a2db,ba21476f-2866-4f81-9c4d-6e359316e448,871c3b6c-7379-419d-bda3-794b239ab90d,1d08ef62-a503-4ce2-8b9a-46c90873f7d3
2024-4-11 07:52:34-debug: // ---- build task 查询 Asset Bundle ---- (38ms)
2024-4-11 07:52:34-debug: run build task 查询 Asset Bundle success in 38 ms √5%
2024-4-11 07:52:34-debug: // ---- build task 查询 Asset Bundle ----
2024-4-11 07:52:34-debug: [Build Memory track]: 查询 Asset Bundle start:278.20MB, end 279.09MB, increase: 906.74KB
2024-4-11 07:52:34-debug: 查询 Asset Bundle start5%
2024-4-11 07:52:34-debug: run build task 查询 Asset Bundle success in 0 ms √10%
2024-4-11 07:52:34-debug: 整理部分构建选项内数据到 settings.json start10%
2024-4-11 07:52:34-debug: [Build Memory track]: 查询 Asset Bundle start:279.10MB, end 279.11MB, increase: 10.91KB
2024-4-11 07:52:34-debug: // ---- build task 整理部分构建选项内数据到 settings.json ----
2024-4-11 07:52:34-debug: run build task 整理部分构建选项内数据到 settings.json success in 0 ms √12%
2024-4-11 07:52:34-debug: [Build Memory track]: 整理部分构建选项内数据到 settings.json start:279.13MB, end 279.14MB, increase: 12.56KB
2024-4-11 07:52:34-debug: 填充脚本数据到 settings.json start12%
2024-4-11 07:52:34-debug: // ---- build task 填充脚本数据到 settings.json ----
2024-4-11 07:52:34-debug: // ---- build task 填充脚本数据到 settings.json ---- (1ms)
2024-4-11 07:52:34-debug: run build task 填充脚本数据到 settings.json success in 1 ms √13%
2024-4-11 07:52:34-debug: // ---- build task 整理部分构建选项内数据到 settings.json ----
2024-4-11 07:52:34-debug: [Build Memory track]: 填充脚本数据到 settings.json start:279.15MB, end 279.17MB, increase: 18.74KB
2024-4-11 07:52:34-debug: 整理部分构建选项内数据到 settings.json start13%
2024-4-11 07:52:34-debug: // ---- build task 整理部分构建选项内数据到 settings.json ---- (3ms)
2024-4-11 07:52:34-debug: run build task 整理部分构建选项内数据到 settings.json success in 3 ms √15%
2024-4-11 07:52:34-debug: [Build Memory track]: 整理部分构建选项内数据到 settings.json start:279.19MB, end 279.31MB, increase: 122.92KB
2024-4-11 07:52:49-debug: refresh db internal success
2024-4-11 07:52:49-debug: refresh db assets success
2024-4-11 07:52:49-debug: Run asset db hook engine-extends:afterRefresh success!
2024-4-11 07:52:49-debug: Run asset db hook engine-extends:afterRefresh ...
2024-4-11 07:52:49-debug: asset-db:refresh-all-database (88ms)
2024-4-11 07:52:49-debug: asset-db:worker-effect-data-processing (1ms)
2024-4-11 07:52:49-debug: asset-db-hook-engine-extends-afterRefresh (1ms)
2024-4-11 07:53:09-debug: refresh db internal success
2024-4-11 07:53:09-debug: refresh db assets success
2024-4-11 07:53:09-debug: Run asset db hook engine-extends:afterRefresh success!
2024-4-11 07:53:09-debug: Run asset db hook engine-extends:afterRefresh ...
2024-4-11 07:53:09-debug: asset-db:refresh-all-database (82ms)
2024-4-11 07:53:14-debug: refresh db internal success
2024-4-11 07:53:14-debug: refresh db assets success
2024-4-11 07:53:14-debug: Run asset db hook engine-extends:afterRefresh ...
2024-4-11 07:53:14-debug: Run asset db hook engine-extends:afterRefresh success!
2024-4-11 07:53:14-debug: asset-db:refresh-all-database (75ms)
2024-4-11 07:53:23-debug: refresh db internal success
2024-4-11 07:53:23-debug: refresh db assets success
2024-4-11 07:53:23-debug: Run asset db hook engine-extends:afterRefresh ...
2024-4-11 07:53:23-debug: Run asset db hook engine-extends:afterRefresh success!
2024-4-11 07:53:23-debug: asset-db:refresh-all-database (75ms)
2024-4-11 07:53:26-debug: refresh db internal success
2024-4-11 07:53:26-debug: refresh db assets success
2024-4-11 07:53:26-debug: Run asset db hook engine-extends:afterRefresh ...
2024-4-11 07:53:26-debug: Run asset db hook engine-extends:afterRefresh success!
2024-4-11 07:53:26-debug: asset-db:refresh-all-database (66ms)
2024-4-11 07:53:39-debug: Query all assets info in project
2024-4-11 07:53:39-debug: init custom config: keepNodeUuid: false, useCache: true
2024-4-11 07:53:39-debug:   Number of all scenes: 1
2024-4-11 07:53:39-debug:   Number of other assets: 326
2024-4-11 07:53:39-debug:   Number of all scripts: 4
2024-4-11 07:53:39-debug: reload all scripts.
2024-4-11 07:53:39-debug: Set detail map pack:///resolution-detail-map.json: {}
2024-4-11 07:53:39-debug: Unregister Main
2024-4-11 07:53:39-debug: Unregister DebugViewRuntimeControl
2024-4-11 07:53:39-debug: Invalidating 'pack:///chunks/93/93ba276ea7b26ffcdc433fab14afc1ed6f05647b.js'
2024-4-11 07:53:39-debug: Invalidating 'pack:///chunks/6d/6d8fd2b0177941b032ddc0733af48a561fb60657.js'
2024-4-11 07:53:39-debug: Invalidating 'pack:///chunks/bf/bf2a5ff7e8de9b32e53abd7c8de160e985314530.js'
2024-4-11 07:53:39-debug: Invalidating 'pack:///chunks/e5/e58d0be131aad4471d719affcc89b83f418c34a8.js'
2024-4-11 07:53:39-debug: Invalidating 'pack:///chunks/07/07c6df2c0ee8183ff11dba7703477a0d3b4c0859.js'
2024-4-11 07:53:39-debug: Invalidating 'pack:///chunks/43/436b114cd6ce3d0d270683ba3c4de65c46946f50.js'
2024-4-11 07:53:39-debug: Unregister AssetMgr
2024-4-11 07:53:39-debug: Invalidating 'pack:///chunks/6a/6a5019a719a9014c047e67aa1cf34453ab8392ce.js'
2024-4-11 07:53:39-debug: [[Executor]] Module "pack:///chunks/6d/6d8fd2b0177941b032ddc0733af48a561fb60657.js" loaded.
2024-4-11 07:53:39-debug: Unregister GameController
2024-4-11 07:53:39-debug: [[Executor]] Module "pack:///chunks/93/93ba276ea7b26ffcdc433fab14afc1ed6f05647b.js" loaded.
2024-4-11 07:53:39-debug: [[Executor]] Register Main
2024-4-11 07:53:39-debug: [[Executor]] Register DebugViewRuntimeControl
2024-4-11 07:53:39-debug: [[Executor]] Module "pack:///chunks/e5/e58d0be131aad4471d719affcc89b83f418c34a8.js" loaded.
2024-4-11 07:53:39-debug: [[Executor]] Module "pack:///chunks/bf/bf2a5ff7e8de9b32e53abd7c8de160e985314530.js" loaded.
2024-4-11 07:53:39-debug: [[Executor]] Register AssetMgr
2024-4-11 07:53:39-debug: [[Executor]] Module "pack:///chunks/07/07c6df2c0ee8183ff11dba7703477a0d3b4c0859.js" loaded.
2024-4-11 07:53:39-debug: [[Executor]] Module "pack:///chunks/43/436b114cd6ce3d0d270683ba3c4de65c46946f50.js" loaded.
2024-4-11 07:53:39-debug: [[Executor]] Register GameController
2024-4-11 07:53:39-debug: [[Executor]] Module "pack:///chunks/6a/6a5019a719a9014c047e67aa1cf34453ab8392ce.js" loaded.
2024-4-11 07:53:39-debug: [[Executor]] Module "pack:///chunks/6d/6d8fd2b0177941b032ddc0733af48a561fb60657.js" loaded.
2024-4-11 07:53:39-debug: 查询 Asset Bundle start0%
2024-4-11 07:53:39-debug: // ---- build task 查询 Asset Bundle ----
2024-4-11 07:53:39-debug: Incremental keys: 
2024-4-11 07:53:39-debug: Query preload assets from cc.config.json: 60f7195c-ec2a-45eb-ba94-8955f60e81d0,1c02ae6f-4492-4915-b8f8-7492a3b1e4cd,810e96e4-e456-4468-9b59-f4e8f39732c0,efe8e2a3-eace-427b-b4f1-cb8a937ec77d,e9aa9a3e-5b2b-4ac7-a2c7-073de2b2b24f,8bbdbcdd-5cd4-4100-b6d5-b7c9625b6107,50f4348b-c883-4e2f-8f11-ce233b859fa1,fda095cb-831d-4601-ad94-846013963de8,f92806d7-1768-443f-afe8-12bcde84d0f0,dd3a144d-ab7f-41f0-82b8-2e43a090d496,f0416e68-0200-4b77-a926-4f9d16e494da,511d2633-09a7-4bdd-ac42-f778032124b3,5d45aa00-e064-4938-b314-4265f0c2258c,9361fd90-ba52-4f84-aa93-6e878fd576ca,970b0598-bcb0-4714-91fb-2e81440dccd8,bcd64cc6-2dd9-43f6-abbe-66318d332032,d930590d-bb92-4cc8-8bd1-23cd027f9edf,a3cd009f-0ab0-420d-9278-b9fdab939bbc,c27215d8-6835-4b68-bfbb-bdeac6100c04,b5d6115f-0370-4d7c-aad3-c194cc71cf98,d1346436-ac96-4271-b863-1f4fdead95b0,971bdb23-3ff6-43eb-b422-1c30165a3663,17debcc3-0a6b-4b8a-b00b-dc58b885581e,711ebe11-f673-4cd9-9a83-63c60ba54c5b,c0143906-9aed-447e-9436-2ae8512d1b6e,14da1725-c4c2-42b4-ab08-ee0aeb6898b3,081cab31-dccd-428e-8652-f2404cc81c47,78e0584a-4343-4727-8f37-e14e65c2a2db,ba21476f-2866-4f81-9c4d-6e359316e448,871c3b6c-7379-419d-bda3-794b239ab90d,1d08ef62-a503-4ce2-8b9a-46c90873f7d3
2024-4-11 07:53:39-debug: // ---- build task 查询 Asset Bundle ---- (15ms)
2024-4-11 07:53:39-debug: run build task 查询 Asset Bundle success in 15 ms √5%
2024-4-11 07:53:39-debug: // ---- build task 查询 Asset Bundle ----
2024-4-11 07:53:39-debug: [Build Memory track]: 查询 Asset Bundle start:284.78MB, end 284.63MB, increase: -147.57KB
2024-4-11 07:53:39-debug: 查询 Asset Bundle start5%
2024-4-11 07:53:39-debug: run build task 查询 Asset Bundle success in 0 ms √10%
2024-4-11 07:53:39-debug: [Build Memory track]: 查询 Asset Bundle start:284.65MB, end 284.66MB, increase: 10.47KB
2024-4-11 07:53:39-debug: 整理部分构建选项内数据到 settings.json start10%
2024-4-11 07:53:39-debug: // ---- build task 整理部分构建选项内数据到 settings.json ----
2024-4-11 07:53:39-debug: [Build Memory track]: 整理部分构建选项内数据到 settings.json start:284.67MB, end 284.69MB, increase: 12.74KB
2024-4-11 07:53:39-debug: // ---- build task 填充脚本数据到 settings.json ----
2024-4-11 07:53:39-debug: run build task 整理部分构建选项内数据到 settings.json success in 0 ms √12%
2024-4-11 07:53:39-debug: 填充脚本数据到 settings.json start12%
2024-4-11 07:53:39-debug: run build task 填充脚本数据到 settings.json success in 0 ms √13%
2024-4-11 07:53:39-debug: [Build Memory track]: 填充脚本数据到 settings.json start:284.70MB, end 284.71MB, increase: 12.27KB
2024-4-11 07:53:39-debug: // ---- build task 整理部分构建选项内数据到 settings.json ----
2024-4-11 07:53:39-debug: 整理部分构建选项内数据到 settings.json start13%
2024-4-11 07:53:39-debug: // ---- build task 整理部分构建选项内数据到 settings.json ---- (2ms)
2024-4-11 07:53:39-debug: run build task 整理部分构建选项内数据到 settings.json success in 2 ms √15%
2024-4-11 07:53:39-debug: [Build Memory track]: 整理部分构建选项内数据到 settings.json start:284.73MB, end 284.86MB, increase: 133.91KB
2024-4-11 07:53:44-debug: refresh db internal success
2024-4-11 07:53:44-debug: refresh db assets success
2024-4-11 07:53:44-debug: Run asset db hook engine-extends:afterRefresh ...
2024-4-11 07:53:44-debug: Run asset db hook engine-extends:afterRefresh success!
2024-4-11 07:53:44-debug: asset-db:refresh-all-database (61ms)
2024-4-11 07:53:44-debug: asset-db-hook-engine-extends-afterRefresh (1ms)
2024-4-11 07:55:51-debug: refresh db internal success
2024-4-11 07:55:51-debug: %cImport%c: D:\Project\cocos\test\assets\script\GameController.tsbackground: #aaff85; color: #000;color: #000;
2024-4-11 07:55:51-debug: refresh db assets success
2024-4-11 07:55:51-debug: Run asset db hook engine-extends:afterRefresh ...
2024-4-11 07:55:51-debug: Run asset db hook engine-extends:afterRefresh success!
2024-4-11 07:55:51-debug: asset-db:refresh-all-database (61ms)
2024-4-11 07:55:51-debug: asset-db-hook-engine-extends-afterRefresh (2ms)
2024-4-11 07:55:53-debug: Query all assets info in project
2024-4-11 07:55:53-debug: init custom config: keepNodeUuid: false, useCache: true
2024-4-11 07:55:53-debug:   Number of all scenes: 1
2024-4-11 07:55:53-debug:   Number of other assets: 326
2024-4-11 07:55:53-debug:   Number of all scripts: 4
2024-4-11 07:55:53-debug: reload all scripts.
2024-4-11 07:55:53-debug: Set detail map pack:///resolution-detail-map.json: {}
2024-4-11 07:55:53-debug: Unregister DebugViewRuntimeControl
2024-4-11 07:55:53-debug: Unregister GameController
2024-4-11 07:55:53-debug: Unregister Main
2024-4-11 07:55:53-debug: Unregister AssetMgr
2024-4-11 07:55:53-debug: Invalidating 'pack:///chunks/93/93ba276ea7b26ffcdc433fab14afc1ed6f05647b.js'
2024-4-11 07:55:53-debug: Invalidating 'pack:///chunks/e5/e58d0be131aad4471d719affcc89b83f418c34a8.js'
2024-4-11 07:55:53-debug: Invalidating 'pack:///chunks/6d/6d8fd2b0177941b032ddc0733af48a561fb60657.js'
2024-4-11 07:55:53-debug: Invalidating 'pack:///chunks/43/436b114cd6ce3d0d270683ba3c4de65c46946f50.js'
2024-4-11 07:55:53-debug: Invalidating 'pack:///chunks/07/07c6df2c0ee8183ff11dba7703477a0d3b4c0859.js'
2024-4-11 07:55:53-debug: [[Executor]] Module "pack:///chunks/93/93ba276ea7b26ffcdc433fab14afc1ed6f05647b.js" loaded.
2024-4-11 07:55:53-debug: Invalidating 'pack:///chunks/6a/6a5019a719a9014c047e67aa1cf34453ab8392ce.js'
2024-4-11 07:55:53-debug: Invalidating 'pack:///chunks/bf/bf2a5ff7e8de9b32e53abd7c8de160e985314530.js'
2024-4-11 07:55:53-debug: D:\Project\cocos\test\temp\programming\packer-driver\targets\editor\chunks\6d\6d8fd2b0177941b032ddc0733af48a561fb60657.js resolved to D:\Project\cocos\test\temp\programming\packer-driver\targets\editor\chunks\6d\6d8fd2b0177941b032ddc0733af48a561fb60657.js is not in module cache!
2024-4-11 07:55:53-debug: [[Executor]] Module "pack:///chunks/6d/6d8fd2b0177941b032ddc0733af48a561fb60657.js" loaded.
2024-4-11 07:55:53-debug: [[Executor]] Module "pack:///chunks/bf/bf2a5ff7e8de9b32e53abd7c8de160e985314530.js" loaded.
2024-4-11 07:55:53-debug: [[Executor]] Register DebugViewRuntimeControl
2024-4-11 07:55:53-debug: [[Executor]] Register Main
2024-4-11 07:55:53-debug: [[Executor]] Module "pack:///chunks/e5/e58d0be131aad4471d719affcc89b83f418c34a8.js" loaded.
2024-4-11 07:55:53-debug: [[Executor]] Module "pack:///chunks/07/07c6df2c0ee8183ff11dba7703477a0d3b4c0859.js" loaded.
2024-4-11 07:55:53-debug: [[Executor]] Register AssetMgr
2024-4-11 07:55:53-debug: D:\Project\cocos\test\temp\programming\packer-driver\targets\editor\chunks\43\436b114cd6ce3d0d270683ba3c4de65c46946f50.js resolved to D:\Project\cocos\test\temp\programming\packer-driver\targets\editor\chunks\43\436b114cd6ce3d0d270683ba3c4de65c46946f50.js is not in module cache!
2024-4-11 07:55:53-debug: [[Executor]] Module "pack:///chunks/6a/6a5019a719a9014c047e67aa1cf34453ab8392ce.js" loaded.
2024-4-11 07:55:53-debug: [[Executor]] Module "pack:///chunks/43/436b114cd6ce3d0d270683ba3c4de65c46946f50.js" loaded.
2024-4-11 07:55:53-debug: [[Executor]] Register GameController
2024-4-11 07:55:53-debug: [[Executor]] Module "pack:///chunks/6d/6d8fd2b0177941b032ddc0733af48a561fb60657.js" loaded.
2024-4-11 07:55:53-debug: 查询 Asset Bundle start0%
2024-4-11 07:55:53-debug: // ---- build task 查询 Asset Bundle ----
2024-4-11 07:55:53-debug: Incremental keys: 
2024-4-11 07:55:53-debug: Query preload assets from cc.config.json: 60f7195c-ec2a-45eb-ba94-8955f60e81d0,1c02ae6f-4492-4915-b8f8-7492a3b1e4cd,810e96e4-e456-4468-9b59-f4e8f39732c0,efe8e2a3-eace-427b-b4f1-cb8a937ec77d,e9aa9a3e-5b2b-4ac7-a2c7-073de2b2b24f,8bbdbcdd-5cd4-4100-b6d5-b7c9625b6107,50f4348b-c883-4e2f-8f11-ce233b859fa1,fda095cb-831d-4601-ad94-846013963de8,f92806d7-1768-443f-afe8-12bcde84d0f0,dd3a144d-ab7f-41f0-82b8-2e43a090d496,f0416e68-0200-4b77-a926-4f9d16e494da,511d2633-09a7-4bdd-ac42-f778032124b3,5d45aa00-e064-4938-b314-4265f0c2258c,9361fd90-ba52-4f84-aa93-6e878fd576ca,970b0598-bcb0-4714-91fb-2e81440dccd8,bcd64cc6-2dd9-43f6-abbe-66318d332032,d930590d-bb92-4cc8-8bd1-23cd027f9edf,a3cd009f-0ab0-420d-9278-b9fdab939bbc,c27215d8-6835-4b68-bfbb-bdeac6100c04,b5d6115f-0370-4d7c-aad3-c194cc71cf98,d1346436-ac96-4271-b863-1f4fdead95b0,971bdb23-3ff6-43eb-b422-1c30165a3663,17debcc3-0a6b-4b8a-b00b-dc58b885581e,711ebe11-f673-4cd9-9a83-63c60ba54c5b,c0143906-9aed-447e-9436-2ae8512d1b6e,14da1725-c4c2-42b4-ab08-ee0aeb6898b3,081cab31-dccd-428e-8652-f2404cc81c47,78e0584a-4343-4727-8f37-e14e65c2a2db,ba21476f-2866-4f81-9c4d-6e359316e448,871c3b6c-7379-419d-bda3-794b239ab90d,1d08ef62-a503-4ce2-8b9a-46c90873f7d3
2024-4-11 07:55:53-debug: // ---- build task 查询 Asset Bundle ---- (33ms)
2024-4-11 07:55:53-debug: run build task 查询 Asset Bundle success in 33 ms √5%
2024-4-11 07:55:53-debug: // ---- build task 查询 Asset Bundle ----
2024-4-11 07:55:53-debug: [Build Memory track]: 查询 Asset Bundle start:288.58MB, end 288.94MB, increase: 372.73KB
2024-4-11 07:55:53-debug: 查询 Asset Bundle start5%
2024-4-11 07:55:53-debug: // ---- build task 查询 Asset Bundle ---- (1ms)
2024-4-11 07:55:53-debug: run build task 查询 Asset Bundle success in 1 ms √10%
2024-4-11 07:55:53-debug: // ---- build task 整理部分构建选项内数据到 settings.json ----
2024-4-11 07:55:53-debug: 整理部分构建选项内数据到 settings.json start10%
2024-4-11 07:55:53-debug: [Build Memory track]: 查询 Asset Bundle start:288.95MB, end 288.97MB, increase: 14.82KB
2024-4-11 07:55:53-debug: // ---- build task 整理部分构建选项内数据到 settings.json ---- (1ms)
2024-4-11 07:55:53-debug: run build task 整理部分构建选项内数据到 settings.json success in 1 ms √12%
2024-4-11 07:55:53-debug: // ---- build task 填充脚本数据到 settings.json ----
2024-4-11 07:55:53-debug: [Build Memory track]: 整理部分构建选项内数据到 settings.json start:288.98MB, end 289.00MB, increase: 18.75KB
2024-4-11 07:55:53-debug: 填充脚本数据到 settings.json start12%
2024-4-11 07:55:53-debug: // ---- build task 填充脚本数据到 settings.json ---- (1ms)
2024-4-11 07:55:53-debug: run build task 填充脚本数据到 settings.json success in 1 ms √13%
2024-4-11 07:55:53-debug: // ---- build task 整理部分构建选项内数据到 settings.json ----
2024-4-11 07:55:53-debug: [Build Memory track]: 填充脚本数据到 settings.json start:289.02MB, end 289.03MB, increase: 14.81KB
2024-4-11 07:55:53-debug: 整理部分构建选项内数据到 settings.json start13%
2024-4-11 07:55:53-debug: run build task 整理部分构建选项内数据到 settings.json success in 14 ms √15%
2024-4-11 07:55:53-debug: // ---- build task 整理部分构建选项内数据到 settings.json ---- (14ms)
2024-4-11 07:55:53-debug: [Build Memory track]: 整理部分构建选项内数据到 settings.json start:289.04MB, end 289.17MB, increase: 130.49KB
2024-4-11 07:59:21-debug: refresh db internal success
2024-4-11 07:59:21-debug: refresh db assets success
2024-4-11 07:59:21-debug: Run asset db hook engine-extends:afterRefresh ...
2024-4-11 07:59:21-debug: Run asset db hook engine-extends:afterRefresh success!
2024-4-11 07:59:21-debug: asset-db:refresh-all-database (64ms)
2024-4-11 07:59:21-debug: asset-db:worker-effect-data-processing (2ms)
2024-4-11 07:59:21-debug: asset-db-hook-engine-extends-afterRefresh (2ms)
2024-4-11 07:59:26-debug: refresh db internal success
2024-4-11 07:59:26-debug: refresh db assets success
2024-4-11 07:59:26-debug: Run asset db hook engine-extends:afterRefresh ...
2024-4-11 07:59:26-debug: Run asset db hook engine-extends:afterRefresh success!
2024-4-11 07:59:26-debug: asset-db:refresh-all-database (63ms)
2024-4-11 07:59:26-debug: asset-db:worker-effect-data-processing (1ms)
2024-4-11 07:59:26-debug: asset-db-hook-engine-extends-afterRefresh (1ms)
2024-4-11 08:09:52-debug: refresh db internal success
2024-4-11 08:09:52-debug: %cImport%c: D:\Project\cocos\test\assets\script\GameController.tsbackground: #aaff85; color: #000;color: #000;
2024-4-11 08:09:52-debug: refresh db assets success
2024-4-11 08:09:52-debug: Run asset db hook engine-extends:afterRefresh ...
2024-4-11 08:09:52-debug: Run asset db hook engine-extends:afterRefresh success!
2024-4-11 08:09:52-debug: asset-db:refresh-all-database (164ms)
2024-4-11 08:09:52-debug: asset-db:worker-effect-data-processing (1ms)
2024-4-11 08:09:52-debug: asset-db-hook-engine-extends-afterRefresh (2ms)
2024-4-11 08:09:53-debug: Query all assets info in project
2024-4-11 08:09:53-debug: init custom config: keepNodeUuid: false, useCache: true
2024-4-11 08:09:53-debug:   Number of all scenes: 1
2024-4-11 08:09:53-debug:   Number of other assets: 326
2024-4-11 08:09:53-debug:   Number of all scripts: 4
2024-4-11 08:09:53-debug: reload all scripts.
2024-4-11 08:09:54-debug: Set detail map pack:///resolution-detail-map.json: {}
2024-4-11 08:09:54-debug: Unregister DebugViewRuntimeControl
2024-4-11 08:09:54-debug: Unregister Main
2024-4-11 08:09:54-debug: Unregister AssetMgr
2024-4-11 08:09:54-debug: Invalidating 'pack:///chunks/93/93ba276ea7b26ffcdc433fab14afc1ed6f05647b.js'
2024-4-11 08:09:54-debug: Invalidating 'pack:///chunks/bf/bf2a5ff7e8de9b32e53abd7c8de160e985314530.js'
2024-4-11 08:09:54-debug: Invalidating 'pack:///chunks/e5/e58d0be131aad4471d719affcc89b83f418c34a8.js'
2024-4-11 08:09:54-debug: Invalidating 'pack:///chunks/07/07c6df2c0ee8183ff11dba7703477a0d3b4c0859.js'
2024-4-11 08:09:54-debug: Invalidating 'pack:///chunks/43/436b114cd6ce3d0d270683ba3c4de65c46946f50.js'
2024-4-11 08:09:54-debug: Invalidating 'pack:///chunks/6a/6a5019a719a9014c047e67aa1cf34453ab8392ce.js'
2024-4-11 08:09:54-debug: [[Executor]] Module "pack:///chunks/93/93ba276ea7b26ffcdc433fab14afc1ed6f05647b.js" loaded.
2024-4-11 08:09:54-debug: Invalidating 'pack:///chunks/6d/6d8fd2b0177941b032ddc0733af48a561fb60657.js'
2024-4-11 08:09:54-debug: Unregister GameController
2024-4-11 08:09:54-debug: D:\Project\cocos\test\temp\programming\packer-driver\targets\editor\chunks\6d\6d8fd2b0177941b032ddc0733af48a561fb60657.js resolved to D:\Project\cocos\test\temp\programming\packer-driver\targets\editor\chunks\6d\6d8fd2b0177941b032ddc0733af48a561fb60657.js is not in module cache!
2024-4-11 08:09:54-debug: [[Executor]] Module "pack:///chunks/6d/6d8fd2b0177941b032ddc0733af48a561fb60657.js" loaded.
2024-4-11 08:09:54-debug: [[Executor]] Register DebugViewRuntimeControl
2024-4-11 08:09:54-debug: [[Executor]] Module "pack:///chunks/bf/bf2a5ff7e8de9b32e53abd7c8de160e985314530.js" loaded.
2024-4-11 08:09:54-debug: [[Executor]] Register AssetMgr
2024-4-11 08:09:54-debug: [[Executor]] Module "pack:///chunks/e5/e58d0be131aad4471d719affcc89b83f418c34a8.js" loaded.
2024-4-11 08:09:54-debug: [[Executor]] Register Main
2024-4-11 08:09:54-debug: [[Executor]] Module "pack:///chunks/07/07c6df2c0ee8183ff11dba7703477a0d3b4c0859.js" loaded.
2024-4-11 08:09:54-debug: D:\Project\cocos\test\temp\programming\packer-driver\targets\editor\chunks\43\436b114cd6ce3d0d270683ba3c4de65c46946f50.js resolved to D:\Project\cocos\test\temp\programming\packer-driver\targets\editor\chunks\43\436b114cd6ce3d0d270683ba3c4de65c46946f50.js is not in module cache!
2024-4-11 08:09:54-debug: [[Executor]] Module "pack:///chunks/6a/6a5019a719a9014c047e67aa1cf34453ab8392ce.js" loaded.
2024-4-11 08:09:54-debug: [[Executor]] Register GameController
2024-4-11 08:09:54-debug: [[Executor]] Module "pack:///chunks/43/436b114cd6ce3d0d270683ba3c4de65c46946f50.js" loaded.
2024-4-11 08:09:54-debug: 查询 Asset Bundle start0%
2024-4-11 08:09:54-debug: [[Executor]] Module "pack:///chunks/6d/6d8fd2b0177941b032ddc0733af48a561fb60657.js" loaded.
2024-4-11 08:09:54-debug: // ---- build task 查询 Asset Bundle ----
2024-4-11 08:09:54-debug: Incremental keys: 
2024-4-11 08:09:54-debug: Query preload assets from cc.config.json: 60f7195c-ec2a-45eb-ba94-8955f60e81d0,1c02ae6f-4492-4915-b8f8-7492a3b1e4cd,810e96e4-e456-4468-9b59-f4e8f39732c0,efe8e2a3-eace-427b-b4f1-cb8a937ec77d,e9aa9a3e-5b2b-4ac7-a2c7-073de2b2b24f,8bbdbcdd-5cd4-4100-b6d5-b7c9625b6107,50f4348b-c883-4e2f-8f11-ce233b859fa1,fda095cb-831d-4601-ad94-846013963de8,f92806d7-1768-443f-afe8-12bcde84d0f0,dd3a144d-ab7f-41f0-82b8-2e43a090d496,f0416e68-0200-4b77-a926-4f9d16e494da,511d2633-09a7-4bdd-ac42-f778032124b3,5d45aa00-e064-4938-b314-4265f0c2258c,9361fd90-ba52-4f84-aa93-6e878fd576ca,970b0598-bcb0-4714-91fb-2e81440dccd8,bcd64cc6-2dd9-43f6-abbe-66318d332032,d930590d-bb92-4cc8-8bd1-23cd027f9edf,a3cd009f-0ab0-420d-9278-b9fdab939bbc,c27215d8-6835-4b68-bfbb-bdeac6100c04,b5d6115f-0370-4d7c-aad3-c194cc71cf98,d1346436-ac96-4271-b863-1f4fdead95b0,971bdb23-3ff6-43eb-b422-1c30165a3663,17debcc3-0a6b-4b8a-b00b-dc58b885581e,711ebe11-f673-4cd9-9a83-63c60ba54c5b,c0143906-9aed-447e-9436-2ae8512d1b6e,14da1725-c4c2-42b4-ab08-ee0aeb6898b3,081cab31-dccd-428e-8652-f2404cc81c47,78e0584a-4343-4727-8f37-e14e65c2a2db,ba21476f-2866-4f81-9c4d-6e359316e448,871c3b6c-7379-419d-bda3-794b239ab90d,1d08ef62-a503-4ce2-8b9a-46c90873f7d3
2024-4-11 08:09:54-debug: // ---- build task 查询 Asset Bundle ---- (40ms)
2024-4-11 08:09:54-debug: run build task 查询 Asset Bundle success in 40 ms √5%
2024-4-11 08:09:54-debug: // ---- build task 查询 Asset Bundle ----
2024-4-11 08:09:54-debug: [Build Memory track]: 查询 Asset Bundle start:292.22MB, end 292.68MB, increase: 467.67KB
2024-4-11 08:09:54-debug: 查询 Asset Bundle start5%
2024-4-11 08:09:54-debug: // ---- build task 查询 Asset Bundle ---- (1ms)
2024-4-11 08:09:54-debug: run build task 查询 Asset Bundle success in 1 ms √10%
2024-4-11 08:09:54-debug: // ---- build task 整理部分构建选项内数据到 settings.json ----
2024-4-11 08:09:54-debug: [Build Memory track]: 查询 Asset Bundle start:292.69MB, end 292.71MB, increase: 14.71KB
2024-4-11 08:09:54-debug: 整理部分构建选项内数据到 settings.json start10%
2024-4-11 08:09:54-debug: // ---- build task 整理部分构建选项内数据到 settings.json ---- (1ms)
2024-4-11 08:09:54-debug: run build task 整理部分构建选项内数据到 settings.json success in 1 ms √12%
2024-4-11 08:09:54-debug: // ---- build task 填充脚本数据到 settings.json ----
2024-4-11 08:09:54-debug: [Build Memory track]: 整理部分构建选项内数据到 settings.json start:292.72MB, end 292.74MB, increase: 18.29KB
2024-4-11 08:09:54-debug: 填充脚本数据到 settings.json start12%
2024-4-11 08:09:54-debug: // ---- build task 填充脚本数据到 settings.json ---- (1ms)
2024-4-11 08:09:54-debug: run build task 填充脚本数据到 settings.json success in 1 ms √13%
2024-4-11 08:09:54-debug: // ---- build task 整理部分构建选项内数据到 settings.json ----
2024-4-11 08:09:54-debug: [Build Memory track]: 填充脚本数据到 settings.json start:292.75MB, end 292.77MB, increase: 17.43KB
2024-4-11 08:09:54-debug: 整理部分构建选项内数据到 settings.json start13%
2024-4-11 08:09:54-debug: // ---- build task 整理部分构建选项内数据到 settings.json ---- (4ms)
2024-4-11 08:09:54-debug: run build task 整理部分构建选项内数据到 settings.json success in 4 ms √15%
2024-4-11 08:09:54-debug: [Build Memory track]: 整理部分构建选项内数据到 settings.json start:292.78MB, end 292.90MB, increase: 119.29KB
2024-4-11 08:10:52-debug: refresh db internal success
2024-4-11 08:10:52-debug: %cImport%c: D:\Project\cocos\test\assets\script\GameController.tsbackground: #aaff85; color: #000;color: #000;
2024-4-11 08:10:52-debug: refresh db assets success
2024-4-11 08:10:52-debug: Run asset db hook engine-extends:afterRefresh ...
2024-4-11 08:10:52-debug: Run asset db hook engine-extends:afterRefresh success!
2024-4-11 08:10:52-debug: asset-db:refresh-all-database (67ms)
2024-4-11 08:10:52-debug: asset-db:worker-effect-data-processing (1ms)
2024-4-11 08:10:52-debug: asset-db-hook-engine-extends-afterRefresh (2ms)
2024-4-11 08:10:53-debug: Query all assets info in project
2024-4-11 08:10:53-debug:   Number of all scenes: 1
2024-4-11 08:10:53-debug: init custom config: keepNodeUuid: false, useCache: true
2024-4-11 08:10:53-debug:   Number of other assets: 326
2024-4-11 08:10:53-debug:   Number of all scripts: 4
2024-4-11 08:10:53-debug: reload all scripts.
2024-4-11 08:10:53-debug: Set detail map pack:///resolution-detail-map.json: {}
2024-4-11 08:10:53-debug: Unregister Main
2024-4-11 08:10:53-debug: Unregister DebugViewRuntimeControl
2024-4-11 08:10:53-debug: Invalidating 'pack:///chunks/93/93ba276ea7b26ffcdc433fab14afc1ed6f05647b.js'
2024-4-11 08:10:53-debug: Invalidating 'pack:///chunks/6d/6d8fd2b0177941b032ddc0733af48a561fb60657.js'
2024-4-11 08:10:53-debug: Invalidating 'pack:///chunks/bf/bf2a5ff7e8de9b32e53abd7c8de160e985314530.js'
2024-4-11 08:10:53-debug: Unregister GameController
2024-4-11 08:10:53-debug: Invalidating 'pack:///chunks/e5/e58d0be131aad4471d719affcc89b83f418c34a8.js'
2024-4-11 08:10:53-debug: Invalidating 'pack:///chunks/07/07c6df2c0ee8183ff11dba7703477a0d3b4c0859.js'
2024-4-11 08:10:53-debug: Invalidating 'pack:///chunks/43/436b114cd6ce3d0d270683ba3c4de65c46946f50.js'
2024-4-11 08:10:53-debug: Unregister AssetMgr
2024-4-11 08:10:53-debug: Invalidating 'pack:///chunks/6a/6a5019a719a9014c047e67aa1cf34453ab8392ce.js'
2024-4-11 08:10:53-debug: [[Executor]] Module "pack:///chunks/93/93ba276ea7b26ffcdc433fab14afc1ed6f05647b.js" loaded.
2024-4-11 08:10:53-debug: D:\Project\cocos\test\temp\programming\packer-driver\targets\editor\chunks\6d\6d8fd2b0177941b032ddc0733af48a561fb60657.js resolved to D:\Project\cocos\test\temp\programming\packer-driver\targets\editor\chunks\6d\6d8fd2b0177941b032ddc0733af48a561fb60657.js is not in module cache!
2024-4-11 08:10:53-debug: [[Executor]] Module "pack:///chunks/6d/6d8fd2b0177941b032ddc0733af48a561fb60657.js" loaded.
2024-4-11 08:10:53-debug: [[Executor]] Register Main
2024-4-11 08:10:53-debug: [[Executor]] Register DebugViewRuntimeControl
2024-4-11 08:10:53-debug: [[Executor]] Module "pack:///chunks/e5/e58d0be131aad4471d719affcc89b83f418c34a8.js" loaded.
2024-4-11 08:10:53-debug: [[Executor]] Module "pack:///chunks/07/07c6df2c0ee8183ff11dba7703477a0d3b4c0859.js" loaded.
2024-4-11 08:10:53-debug: [[Executor]] Module "pack:///chunks/bf/bf2a5ff7e8de9b32e53abd7c8de160e985314530.js" loaded.
2024-4-11 08:10:53-debug: [[Executor]] Register AssetMgr
2024-4-11 08:10:53-debug: D:\Project\cocos\test\temp\programming\packer-driver\targets\editor\chunks\43\436b114cd6ce3d0d270683ba3c4de65c46946f50.js resolved to D:\Project\cocos\test\temp\programming\packer-driver\targets\editor\chunks\43\436b114cd6ce3d0d270683ba3c4de65c46946f50.js is not in module cache!
2024-4-11 08:10:53-debug: [[Executor]] Module "pack:///chunks/6a/6a5019a719a9014c047e67aa1cf34453ab8392ce.js" loaded.
2024-4-11 08:10:53-debug: [[Executor]] Module "pack:///chunks/43/436b114cd6ce3d0d270683ba3c4de65c46946f50.js" loaded.
2024-4-11 08:10:53-debug: Incremental keys: 
2024-4-11 08:10:53-debug: [[Executor]] Module "pack:///chunks/6d/6d8fd2b0177941b032ddc0733af48a561fb60657.js" loaded.
2024-4-11 08:10:53-debug: 查询 Asset Bundle start0%
2024-4-11 08:10:53-debug: [[Executor]] Register GameController
2024-4-11 08:10:53-debug: // ---- build task 查询 Asset Bundle ----
2024-4-11 08:10:53-debug: Query preload assets from cc.config.json: 60f7195c-ec2a-45eb-ba94-8955f60e81d0,1c02ae6f-4492-4915-b8f8-7492a3b1e4cd,810e96e4-e456-4468-9b59-f4e8f39732c0,efe8e2a3-eace-427b-b4f1-cb8a937ec77d,e9aa9a3e-5b2b-4ac7-a2c7-073de2b2b24f,8bbdbcdd-5cd4-4100-b6d5-b7c9625b6107,50f4348b-c883-4e2f-8f11-ce233b859fa1,fda095cb-831d-4601-ad94-846013963de8,f92806d7-1768-443f-afe8-12bcde84d0f0,dd3a144d-ab7f-41f0-82b8-2e43a090d496,f0416e68-0200-4b77-a926-4f9d16e494da,511d2633-09a7-4bdd-ac42-f778032124b3,5d45aa00-e064-4938-b314-4265f0c2258c,9361fd90-ba52-4f84-aa93-6e878fd576ca,970b0598-bcb0-4714-91fb-2e81440dccd8,bcd64cc6-2dd9-43f6-abbe-66318d332032,d930590d-bb92-4cc8-8bd1-23cd027f9edf,a3cd009f-0ab0-420d-9278-b9fdab939bbc,c27215d8-6835-4b68-bfbb-bdeac6100c04,b5d6115f-0370-4d7c-aad3-c194cc71cf98,d1346436-ac96-4271-b863-1f4fdead95b0,971bdb23-3ff6-43eb-b422-1c30165a3663,17debcc3-0a6b-4b8a-b00b-dc58b885581e,711ebe11-f673-4cd9-9a83-63c60ba54c5b,c0143906-9aed-447e-9436-2ae8512d1b6e,14da1725-c4c2-42b4-ab08-ee0aeb6898b3,081cab31-dccd-428e-8652-f2404cc81c47,78e0584a-4343-4727-8f37-e14e65c2a2db,ba21476f-2866-4f81-9c4d-6e359316e448,871c3b6c-7379-419d-bda3-794b239ab90d,1d08ef62-a503-4ce2-8b9a-46c90873f7d3
2024-4-11 08:10:53-debug: // ---- build task 查询 Asset Bundle ---- (17ms)
2024-4-11 08:10:53-debug: run build task 查询 Asset Bundle success in 17 ms √5%
2024-4-11 08:10:53-debug: // ---- build task 查询 Asset Bundle ----
2024-4-11 08:10:53-debug: [Build Memory track]: 查询 Asset Bundle start:294.55MB, end 294.96MB, increase: 420.60KB
2024-4-11 08:10:53-debug: 查询 Asset Bundle start5%
2024-4-11 08:10:53-debug: // ---- build task 查询 Asset Bundle ---- (1ms)
2024-4-11 08:10:53-debug: run build task 查询 Asset Bundle success in 1 ms √10%
2024-4-11 08:10:53-debug: // ---- build task 整理部分构建选项内数据到 settings.json ----
2024-4-11 08:10:53-debug: [Build Memory track]: 查询 Asset Bundle start:294.98MB, end 294.99MB, increase: 15.05KB
2024-4-11 08:10:53-debug: 整理部分构建选项内数据到 settings.json start10%
2024-4-11 08:10:53-debug: // ---- build task 整理部分构建选项内数据到 settings.json ---- (2ms)
2024-4-11 08:10:53-debug: run build task 整理部分构建选项内数据到 settings.json success in 2 ms √12%
2024-4-11 08:10:53-debug: // ---- build task 填充脚本数据到 settings.json ----
2024-4-11 08:10:53-debug: [Build Memory track]: 整理部分构建选项内数据到 settings.json start:295.01MB, end 295.02MB, increase: 17.43KB
2024-4-11 08:10:53-debug: 填充脚本数据到 settings.json start12%
2024-4-11 08:10:53-debug: // ---- build task 填充脚本数据到 settings.json ---- (1ms)
2024-4-11 08:10:53-debug: run build task 填充脚本数据到 settings.json success in 1 ms √13%
2024-4-11 08:10:53-debug: // ---- build task 整理部分构建选项内数据到 settings.json ----
2024-4-11 08:10:53-debug: [Build Memory track]: 填充脚本数据到 settings.json start:295.04MB, end 295.06MB, increase: 16.50KB
2024-4-11 08:10:53-debug: 整理部分构建选项内数据到 settings.json start13%
2024-4-11 08:10:53-debug: // ---- build task 整理部分构建选项内数据到 settings.json ---- (4ms)
2024-4-11 08:10:53-debug: run build task 整理部分构建选项内数据到 settings.json success in 4 ms √15%
2024-4-11 08:10:53-debug: [Build Memory track]: 整理部分构建选项内数据到 settings.json start:295.07MB, end 295.19MB, increase: 121.30KB
2024-4-11 11:10:14-debug: refresh db internal success
2024-4-11 11:10:14-debug: refresh db assets success
2024-4-11 11:10:14-debug: Run asset db hook engine-extends:afterRefresh ...
2024-4-11 11:10:14-debug: Run asset db hook engine-extends:afterRefresh success!
2024-4-11 11:10:14-debug: asset-db:refresh-all-database (127ms)
2024-4-11 11:10:14-debug: asset-db:worker-effect-data-processing (2ms)
2024-4-11 11:10:14-debug: asset-db-hook-engine-extends-afterRefresh (2ms)
2024-4-11 11:34:20-debug: refresh db internal success
2024-4-11 11:34:20-debug: refresh db assets success
2024-4-11 11:34:20-debug: Run asset db hook engine-extends:afterRefresh ...
2024-4-11 11:34:20-debug: Run asset db hook engine-extends:afterRefresh success!
2024-4-11 11:34:20-debug: asset-db:refresh-all-database (68ms)
2024-4-11 11:34:20-debug: asset-db:worker-effect-data-processing (1ms)
2024-4-11 11:34:20-debug: asset-db-hook-engine-extends-afterRefresh (4ms)
2024-4-11 11:35:45-debug: refresh db internal success
2024-4-11 11:35:45-debug: refresh db assets success
2024-4-11 11:35:45-debug: Run asset db hook engine-extends:afterRefresh ...
2024-4-11 11:35:45-debug: Run asset db hook engine-extends:afterRefresh success!
2024-4-11 11:35:45-debug: asset-db:refresh-all-database (74ms)
2024-4-11 11:35:45-debug: asset-db:worker-effect-data-processing (1ms)
2024-4-11 11:35:45-debug: asset-db-hook-engine-extends-afterRefresh (2ms)
2024-4-11 11:36:02-debug: refresh db internal success
2024-4-11 11:36:02-debug: refresh db assets success
2024-4-11 11:36:02-debug: Run asset db hook engine-extends:afterRefresh ...
2024-4-11 11:36:02-debug: Run asset db hook engine-extends:afterRefresh success!
2024-4-11 11:36:02-debug: asset-db:worker-effect-data-processing (1ms)
2024-4-11 11:36:02-debug: asset-db:refresh-all-database (59ms)
2024-4-11 11:36:02-debug: asset-db-hook-engine-extends-afterRefresh (1ms)
2024-4-11 11:36:09-debug: refresh db internal success
2024-4-11 11:36:09-debug: refresh db assets success
2024-4-11 11:36:09-debug: Run asset db hook engine-extends:afterRefresh ...
2024-4-11 11:36:09-debug: Run asset db hook engine-extends:afterRefresh success!
2024-4-11 11:36:09-debug: asset-db:refresh-all-database (59ms)
2024-4-11 11:36:09-debug: asset-db-hook-engine-extends-afterRefresh (1ms)
2024-4-11 11:37:03-debug: refresh db internal success
2024-4-11 11:37:03-debug: refresh db assets success
2024-4-11 11:37:03-debug: Run asset db hook engine-extends:afterRefresh ...
2024-4-11 11:37:03-debug: Run asset db hook engine-extends:afterRefresh success!
2024-4-11 11:37:03-debug: asset-db:refresh-all-database (56ms)
2024-4-11 13:24:12-debug: refresh db internal success
2024-4-11 13:24:12-debug: %cImport%c: D:\Project\cocos\test\assets\script\GameController.tsbackground: #aaff85; color: #000;color: #000;
2024-4-11 13:24:12-debug: refresh db assets success
2024-4-11 13:24:12-debug: Run asset db hook engine-extends:afterRefresh ...
2024-4-11 13:24:12-debug: Run asset db hook engine-extends:afterRefresh success!
2024-4-11 13:24:12-debug: asset-db:refresh-all-database (63ms)
2024-4-11 13:24:12-debug: asset-db:worker-effect-data-processing (1ms)
2024-4-11 13:24:12-debug: asset-db-hook-engine-extends-afterRefresh (1ms)
2024-4-11 13:24:13-debug: Query all assets info in project
2024-4-11 13:24:13-debug: init custom config: keepNodeUuid: false, useCache: true
2024-4-11 13:24:13-debug:   Number of all scenes: 1
2024-4-11 13:24:13-debug:   Number of other assets: 326
2024-4-11 13:24:13-debug:   Number of all scripts: 4
2024-4-11 13:24:13-debug: reload all scripts.
2024-4-11 13:24:14-debug: Set detail map pack:///resolution-detail-map.json: {}
2024-4-11 13:24:14-debug: Unregister DebugViewRuntimeControl
2024-4-11 13:24:14-debug: Unregister GameController
2024-4-11 13:24:14-debug: Invalidating 'pack:///chunks/93/93ba276ea7b26ffcdc433fab14afc1ed6f05647b.js'
2024-4-11 13:24:14-debug: Unregister Main
2024-4-11 13:24:14-debug: Invalidating 'pack:///chunks/6d/6d8fd2b0177941b032ddc0733af48a561fb60657.js'
2024-4-11 13:24:14-debug: Invalidating 'pack:///chunks/bf/bf2a5ff7e8de9b32e53abd7c8de160e985314530.js'
2024-4-11 13:24:14-debug: Invalidating 'pack:///chunks/e5/e58d0be131aad4471d719affcc89b83f418c34a8.js'
2024-4-11 13:24:14-debug: Invalidating 'pack:///chunks/07/07c6df2c0ee8183ff11dba7703477a0d3b4c0859.js'
2024-4-11 13:24:14-debug: Invalidating 'pack:///chunks/43/436b114cd6ce3d0d270683ba3c4de65c46946f50.js'
2024-4-11 13:24:14-debug: Invalidating 'pack:///chunks/6a/6a5019a719a9014c047e67aa1cf34453ab8392ce.js'
2024-4-11 13:24:14-debug: [[Executor]] Module "pack:///chunks/93/93ba276ea7b26ffcdc433fab14afc1ed6f05647b.js" loaded.
2024-4-11 13:24:14-debug: Unregister AssetMgr
2024-4-11 13:24:14-debug: D:\Project\cocos\test\temp\programming\packer-driver\targets\editor\chunks\6d\6d8fd2b0177941b032ddc0733af48a561fb60657.js resolved to D:\Project\cocos\test\temp\programming\packer-driver\targets\editor\chunks\6d\6d8fd2b0177941b032ddc0733af48a561fb60657.js is not in module cache!
2024-4-11 13:24:14-debug: [[Executor]] Module "pack:///chunks/6d/6d8fd2b0177941b032ddc0733af48a561fb60657.js" loaded.
2024-4-11 13:24:14-debug: [[Executor]] Register Main
2024-4-11 13:24:14-debug: [[Executor]] Register DebugViewRuntimeControl
2024-4-11 13:24:14-debug: [[Executor]] Module "pack:///chunks/bf/bf2a5ff7e8de9b32e53abd7c8de160e985314530.js" loaded.
2024-4-11 13:24:14-debug: [[Executor]] Module "pack:///chunks/07/07c6df2c0ee8183ff11dba7703477a0d3b4c0859.js" loaded.
2024-4-11 13:24:14-debug: [[Executor]] Module "pack:///chunks/e5/e58d0be131aad4471d719affcc89b83f418c34a8.js" loaded.
2024-4-11 13:24:14-debug: [[Executor]] Register AssetMgr
2024-4-11 13:24:14-debug: D:\Project\cocos\test\temp\programming\packer-driver\targets\editor\chunks\43\436b114cd6ce3d0d270683ba3c4de65c46946f50.js resolved to D:\Project\cocos\test\temp\programming\packer-driver\targets\editor\chunks\43\436b114cd6ce3d0d270683ba3c4de65c46946f50.js is not in module cache!
2024-4-11 13:24:14-debug: [[Executor]] Module "pack:///chunks/6a/6a5019a719a9014c047e67aa1cf34453ab8392ce.js" loaded.
2024-4-11 13:24:14-debug: [[Executor]] Module "pack:///chunks/6d/6d8fd2b0177941b032ddc0733af48a561fb60657.js" loaded.
2024-4-11 13:24:14-debug: [[Executor]] Module "pack:///chunks/43/436b114cd6ce3d0d270683ba3c4de65c46946f50.js" loaded.
2024-4-11 13:24:14-debug: // ---- build task 查询 Asset Bundle ----
2024-4-11 13:24:14-debug: Incremental keys: 
2024-4-11 13:24:14-debug: 查询 Asset Bundle start0%
2024-4-11 13:24:14-debug: [[Executor]] Register GameController
2024-4-11 13:24:14-debug: Query preload assets from cc.config.json: 60f7195c-ec2a-45eb-ba94-8955f60e81d0,1c02ae6f-4492-4915-b8f8-7492a3b1e4cd,810e96e4-e456-4468-9b59-f4e8f39732c0,efe8e2a3-eace-427b-b4f1-cb8a937ec77d,e9aa9a3e-5b2b-4ac7-a2c7-073de2b2b24f,8bbdbcdd-5cd4-4100-b6d5-b7c9625b6107,50f4348b-c883-4e2f-8f11-ce233b859fa1,fda095cb-831d-4601-ad94-846013963de8,f92806d7-1768-443f-afe8-12bcde84d0f0,dd3a144d-ab7f-41f0-82b8-2e43a090d496,f0416e68-0200-4b77-a926-4f9d16e494da,511d2633-09a7-4bdd-ac42-f778032124b3,5d45aa00-e064-4938-b314-4265f0c2258c,9361fd90-ba52-4f84-aa93-6e878fd576ca,970b0598-bcb0-4714-91fb-2e81440dccd8,bcd64cc6-2dd9-43f6-abbe-66318d332032,d930590d-bb92-4cc8-8bd1-23cd027f9edf,a3cd009f-0ab0-420d-9278-b9fdab939bbc,c27215d8-6835-4b68-bfbb-bdeac6100c04,b5d6115f-0370-4d7c-aad3-c194cc71cf98,d1346436-ac96-4271-b863-1f4fdead95b0,971bdb23-3ff6-43eb-b422-1c30165a3663,17debcc3-0a6b-4b8a-b00b-dc58b885581e,711ebe11-f673-4cd9-9a83-63c60ba54c5b,c0143906-9aed-447e-9436-2ae8512d1b6e,14da1725-c4c2-42b4-ab08-ee0aeb6898b3,081cab31-dccd-428e-8652-f2404cc81c47,78e0584a-4343-4727-8f37-e14e65c2a2db,ba21476f-2866-4f81-9c4d-6e359316e448,871c3b6c-7379-419d-bda3-794b239ab90d,1d08ef62-a503-4ce2-8b9a-46c90873f7d3
2024-4-11 13:24:14-debug: // ---- build task 查询 Asset Bundle ---- (38ms)
2024-4-11 13:24:14-debug: run build task 查询 Asset Bundle success in 38 ms √5%
2024-4-11 13:24:14-debug: // ---- build task 查询 Asset Bundle ----
2024-4-11 13:24:14-debug: [Build Memory track]: 查询 Asset Bundle start:269.72MB, end 271.25MB, increase: 1.54MB
2024-4-11 13:24:14-debug: 查询 Asset Bundle start5%
2024-4-11 13:24:14-debug: // ---- build task 查询 Asset Bundle ---- (1ms)
2024-4-11 13:24:14-debug: run build task 查询 Asset Bundle success in 1 ms √10%
2024-4-11 13:24:14-debug: [Build Memory track]: 查询 Asset Bundle start:271.27MB, end 271.28MB, increase: 14.27KB
2024-4-11 13:24:14-debug: 整理部分构建选项内数据到 settings.json start10%
2024-4-11 13:24:14-debug: // ---- build task 整理部分构建选项内数据到 settings.json ----
2024-4-11 13:24:14-debug: // ---- build task 整理部分构建选项内数据到 settings.json ---- (2ms)
2024-4-11 13:24:14-debug: run build task 整理部分构建选项内数据到 settings.json success in 2 ms √12%
2024-4-11 13:24:14-debug: [Build Memory track]: 整理部分构建选项内数据到 settings.json start:271.30MB, end 271.32MB, increase: 19.93KB
2024-4-11 13:24:14-debug: // ---- build task 填充脚本数据到 settings.json ----
2024-4-11 13:24:14-debug: 填充脚本数据到 settings.json start12%
2024-4-11 13:24:14-debug: // ---- build task 填充脚本数据到 settings.json ---- (1ms)
2024-4-11 13:24:14-debug: run build task 填充脚本数据到 settings.json success in 1 ms √13%
2024-4-11 13:24:14-debug: // ---- build task 整理部分构建选项内数据到 settings.json ----
2024-4-11 13:24:14-debug: [Build Memory track]: 填充脚本数据到 settings.json start:271.33MB, end 271.34MB, increase: 15.32KB
2024-4-11 13:24:14-debug: 整理部分构建选项内数据到 settings.json start13%
2024-4-11 13:24:14-debug: // ---- build task 整理部分构建选项内数据到 settings.json ---- (6ms)
2024-4-11 13:24:14-debug: run build task 整理部分构建选项内数据到 settings.json success in 6 ms √15%
2024-4-11 13:24:14-debug: [Build Memory track]: 整理部分构建选项内数据到 settings.json start:271.36MB, end 269.92MB, increase: -1475.27KB
2024-4-11 13:24:32-debug: refresh db internal success
2024-4-11 13:24:32-debug: refresh db assets success
2024-4-11 13:24:32-debug: Run asset db hook engine-extends:afterRefresh ...
2024-4-11 13:24:32-debug: Run asset db hook engine-extends:afterRefresh success!
2024-4-11 13:24:32-debug: asset-db:refresh-all-database (63ms)
2024-4-11 13:24:32-debug: asset-db:worker-effect-data-processing (2ms)
2024-4-11 13:24:32-debug: asset-db-hook-engine-extends-afterRefresh (2ms)
