2024-4-16 07:32:12-log: Cannot access game frame or container.
2024-4-16 07:32:13-debug: asset-db:require-engine-code (3433ms)
2024-4-16 07:32:14-log: Cocos Creator v3.8.1
2024-4-16 07:32:14-debug: [Assets Memory track]: asset-db:worker-init: initEngine start:18.02MB, end 92.42MB, increase: 74.40MB
2024-4-16 07:32:14-debug: [Assets Memory track]: asset-db-plugin-register: programming start:93.03MB, end 94.19MB, increase: 1.16MB
2024-4-16 07:32:14-debug: [Assets Memory track]: asset-db-plugin-enable: project start:94.43MB, end 97.86MB, increase: 3.43MB
2024-4-16 07:32:14-debug: [Assets Memory track]: asset-db-plugin-register: engine-extends start:94.24MB, end 97.85MB, increase: 3.61MB
2024-4-16 07:32:14-debug: [Assets Memory track]: asset-db:worker-init: initPlugin start:92.43MB, end 97.86MB, increase: 5.43MB
2024-4-16 07:32:14-debug: asset-db:worker-init: initPlugin (246ms)
2024-4-16 07:32:14-debug: [Assets Memory track]: asset-db:worker-init start:18.02MB, end 97.92MB, increase: 79.90MB
2024-4-16 07:32:14-debug: Run asset db hook programming:beforePreStart ...
2024-4-16 07:32:14-debug: Run asset db hook engine-extends:beforePreStart ...
2024-4-16 07:32:14-debug: Run asset db hook engine-extends:beforePreStart success!
2024-4-16 07:32:14-debug: Run asset db hook programming:beforePreStart success!
2024-4-16 07:32:31-debug: [Assets Memory track]: asset-db-plugin-enable: builder start:108.05MB, end 334.32MB, increase: 226.27MB
2024-4-16 07:32:31-debug: run package(shortcuts) handler(enable) start
2024-4-16 07:32:31-debug: run package(builder) handler(enable) success!
2024-4-16 07:32:31-debug: run package(shortcuts) handler(enable) success!
2024-4-16 07:32:31-debug: run package(animation-graph) handler(enable) start
2024-4-16 07:32:31-debug: run package(animation-graph) handler(enable) success!
2024-4-16 07:32:18-debug: run package(builder) handler(enable) start
2024-4-16 07:32:31-debug: run package(about) handler(enable) success!
2024-4-16 07:32:31-debug: run package(about) handler(enable) start
2024-4-16 07:32:31-debug: run package(assets) handler(enable) start
2024-4-16 07:32:31-debug: run package(console) handler(enable) start
2024-4-16 07:32:31-debug: run package(assets) handler(enable) success!
2024-4-16 07:32:31-debug: run package(crash-reporter) handler(enable) start
2024-4-16 07:32:31-debug: run package(crash-reporter) handler(enable) success!
2024-4-16 07:32:31-debug: run package(extension) handler(enable) success!
2024-4-16 07:32:31-debug: run package(hierarchy) handler(enable) start
2024-4-16 07:32:31-debug: run package(console) handler(enable) success!
2024-4-16 07:32:31-debug: run package(hierarchy) handler(enable) success!
2024-4-16 07:32:31-debug: run package(inspector) handler(enable) start
2024-4-16 07:32:31-debug: run package(inspector) handler(enable) success!
2024-4-16 07:32:31-debug: run package(light-probe) handler(enable) success!
2024-4-16 07:32:31-debug: run package(light-probe) handler(enable) start
2024-4-16 07:32:31-debug: run package(lightmap) handler(enable) success!
2024-4-16 07:32:31-debug: run package(extension) handler(enable) start
2024-4-16 07:32:31-debug: run package(node-library) handler(enable) start
2024-4-16 07:32:31-debug: run package(node-library) handler(enable) success!
2024-4-16 07:32:31-debug: run package(package-asset) handler(enable) success!
2024-4-16 07:32:31-debug: run package(package-asset) handler(enable) start
2024-4-16 07:32:31-debug: run package(process) handler(enable) success!
2024-4-16 07:32:31-debug: run package(reference-image) handler(enable) start
2024-4-16 07:32:31-debug: run package(reference-image) handler(enable) success!
2024-4-16 07:32:31-debug: run package(reflection-probe) handler(enable) start
2024-4-16 07:32:31-debug: run package(reflection-probe) handler(enable) success!
2024-4-16 07:32:31-debug: run package(engine-extends) handler(enable) start
2024-4-16 07:32:31-debug: run package(process) handler(enable) start
2024-4-16 07:32:31-debug: run package(engine-extends) handler(enable) success!
2024-4-16 07:32:31-debug: run package(adsense-h5g-plugin) handler(enable) success!
2024-4-16 07:32:31-debug: run package(lightmap) handler(enable) start
2024-4-16 07:32:31-debug: run package(adsense-h5g-plugin) handler(enable) start
2024-4-16 07:32:31-debug: run package(alipay-mini-game) handler(enable) success!
2024-4-16 07:32:31-debug: run package(android) handler(enable) start
2024-4-16 07:32:31-debug: run package(alipay-mini-game) handler(enable) start
2024-4-16 07:32:31-debug: run package(bytedance-mini-game) handler(enable) start
2024-4-16 07:32:31-debug: run package(bytedance-mini-game) handler(enable) success!
2024-4-16 07:32:31-debug: run package(certificate) handler(enable) success!
2024-4-16 07:32:31-debug: run package(certificate) handler(enable) start
2024-4-16 07:32:31-debug: run package(channel-upload-tools) handler(enable) start
2024-4-16 07:32:31-debug: run package(fb-instant-games) handler(enable) start
2024-4-16 07:32:31-debug: run package(channel-upload-tools) handler(enable) success!
2024-4-16 07:32:31-debug: run package(huawei-agc) handler(enable) start
2024-4-16 07:32:31-debug: run package(fb-instant-games) handler(enable) success!
2024-4-16 07:32:31-debug: run package(huawei-quick-game) handler(enable) start
2024-4-16 07:32:31-debug: run package(huawei-quick-game) handler(enable) success!
2024-4-16 07:32:31-debug: run package(ios) handler(enable) start
2024-4-16 07:32:31-debug: run package(android) handler(enable) success!
2024-4-16 07:32:31-debug: run package(linux) handler(enable) start
2024-4-16 07:32:31-debug: run package(huawei-agc) handler(enable) success!
2024-4-16 07:32:31-debug: run package(mac) handler(enable) start
2024-4-16 07:32:31-debug: run package(ios) handler(enable) success!
2024-4-16 07:32:31-debug: run package(native) handler(enable) start
2024-4-16 07:32:31-debug: run package(linux) handler(enable) success!
2024-4-16 07:32:31-debug: run package(native) handler(enable) success!
2024-4-16 07:32:31-debug: run package(ohos) handler(enable) success!
2024-4-16 07:32:31-debug: run package(openharmony) handler(enable) start
2024-4-16 07:32:31-debug: run package(openharmony) handler(enable) success!
2024-4-16 07:32:31-debug: run package(oppo-mini-game) handler(enable) start
2024-4-16 07:32:31-debug: run package(oppo-mini-game) handler(enable) success!
2024-4-16 07:32:31-debug: run package(mac) handler(enable) success!
2024-4-16 07:32:31-debug: run package(runtime-dev-tools) handler(enable) start
2024-4-16 07:32:31-debug: run package(runtime-dev-tools) handler(enable) success!
2024-4-16 07:32:31-debug: run package(taobao-creative-app) handler(enable) start
2024-4-16 07:32:31-debug: run package(taobao-creative-app) handler(enable) success!
2024-4-16 07:32:31-debug: run package(ohos) handler(enable) start
2024-4-16 07:32:31-debug: run package(taobao-mini-game) handler(enable) start
2024-4-16 07:32:31-debug: run package(vivo-mini-game) handler(enable) success!
2024-4-16 07:32:31-debug: run package(taobao-mini-game) handler(enable) success!
2024-4-16 07:32:31-debug: run package(web-desktop) handler(enable) start
2024-4-16 07:32:31-debug: run package(web-desktop) handler(enable) success!
2024-4-16 07:32:31-debug: run package(web-mobile) handler(enable) success!
2024-4-16 07:32:31-debug: run package(vivo-mini-game) handler(enable) start
2024-4-16 07:32:31-debug: run package(wechatgame) handler(enable) start
2024-4-16 07:32:31-debug: run package(wechatgame) handler(enable) success!
2024-4-16 07:32:31-debug: run package(wechatprogram) handler(enable) success!
2024-4-16 07:32:31-debug: run package(windows) handler(enable) start
2024-4-16 07:32:31-debug: run package(web-mobile) handler(enable) start
2024-4-16 07:32:31-debug: run package(xiaomi-quick-game) handler(enable) start
2024-4-16 07:32:31-debug: run package(xiaomi-quick-game) handler(enable) success!
2024-4-16 07:32:31-debug: run package(wechatprogram) handler(enable) start
2024-4-16 07:32:31-debug: run package(windows) handler(enable) success!
2024-4-16 07:32:31-debug: run package(cocos-service) handler(enable) start
2024-4-16 07:32:31-debug: run package(cocos-service) handler(enable) success!
2024-4-16 07:32:31-debug: run package(im-plugin) handler(enable) start
2024-4-16 07:32:31-debug: run package(im-plugin) handler(enable) success!
2024-4-16 07:32:31-debug: asset-db-hook-programming-beforePreStart (13018ms)
2024-4-16 07:32:31-debug: asset-db-hook-engine-extends-beforePreStart (13018ms)
2024-4-16 07:32:31-debug: run package(placeholder) handler(enable) start
2024-4-16 07:32:31-debug: run package(placeholder) handler(enable) success!
2024-4-16 07:32:31-debug: asset-db:worker-init (17890ms)
2024-4-16 07:32:31-debug: Preimport db internal success
2024-4-16 07:32:31-debug: Run asset db hook programming:afterPreStart ...
2024-4-16 07:32:31-debug: Preimport db assets success
2024-4-16 07:32:32-debug: Set detail map pack:///resolution-detail-map.json: {}
2024-4-16 07:32:32-debug: Run asset db hook programming:afterPreStart success!
2024-4-16 07:32:32-debug: Run asset db hook engine-extends:afterPreStart success!
2024-4-16 07:32:32-debug: [Assets Memory track]: asset-db:worker-init: preStart start:97.93MB, end 333.78MB, increase: 235.85MB
2024-4-16 07:32:32-debug: Run asset db hook engine-extends:afterPreStart ...
2024-4-16 07:32:32-debug: Start up the 'internal' database...
2024-4-16 07:32:33-debug: asset-db-hook-programming-afterPreStart (1450ms)
2024-4-16 07:32:33-debug: asset-db-hook-engine-extends-afterPreStart (736ms)
2024-4-16 07:32:33-debug: asset-db:worker-effect-data-processing (736ms)
2024-4-16 07:32:33-debug: start asset-db(internal) with asset: 463
2024-4-16 07:32:33-debug: [Assets Memory track]: asset-db:worker-startup-database[internal] start:107.99MB, end 337.76MB, increase: 229.77MB
2024-4-16 07:32:33-debug: Start up the 'assets' database...
2024-4-16 07:32:33-debug: asset-db:worker-startup-database[internal] (16731ms)
2024-4-16 07:32:33-debug: %cImport%c: D:\Project\cocos\test\assets\main.scenebackground: #aaff85; color: #000;color: #000;
2024-4-16 07:32:33-debug: start asset-db(assets) with asset: 24
2024-4-16 07:32:33-debug: asset-db:worker-startup-database[assets] (1905ms)
2024-4-16 07:32:33-debug: asset-db:start-database (19011ms)
2024-4-16 07:32:33-debug: asset-db:ready (29602ms)
2024-4-16 07:32:33-debug: init worker message success
2024-4-16 07:32:35-debug: [Build Memory track]: builder:worker-init start:334.76MB, end 344.42MB, increase: 9.66MB
2024-4-16 07:32:35-debug: programming:execute-script (1447ms)
2024-4-16 07:32:35-debug: builder:worker-init (1428ms)
2024-4-16 07:32:35-debug: refresh db internal success
2024-4-16 07:32:35-debug: refresh db assets success
2024-4-16 07:32:35-debug: Run asset db hook engine-extends:afterRefresh ...
2024-4-16 07:32:35-debug: Run asset db hook engine-extends:afterRefresh success!
2024-4-16 07:32:35-debug: asset-db:refresh-all-database (120ms)
2024-4-16 07:32:35-debug: asset-db:worker-effect-data-processing (1ms)
2024-4-16 07:32:35-debug: asset-db-hook-engine-extends-afterRefresh (2ms)
2024-4-16 07:32:37-debug: programming:execute-script (7ms)
2024-4-16 07:32:48-debug: start refresh asset from D:\Project\cocos\test\assets\main.scene...
2024-4-16 07:32:48-debug: %cImport%c: D:\Project\cocos\test\assets\main.scenebackground: #aaff85; color: #000;color: #000;
2024-4-16 07:32:48-debug: refresh asset D:\Project\cocos\test\assets success
2024-4-16 07:32:51-debug: Query all assets info in project
2024-4-16 07:32:51-debug: init custom config: keepNodeUuid: false, useCache: true
2024-4-16 07:32:51-debug:   Number of all scenes: 1
2024-4-16 07:32:51-debug:   Number of other assets: 419
2024-4-16 07:32:51-debug:   Number of all scripts: 4
2024-4-16 07:32:51-debug: reload all scripts.
2024-4-16 07:32:51-debug: Set detail map pack:///resolution-detail-map.json: {}
2024-4-16 07:32:51-debug: D:\Project\cocos\test\temp\programming\packer-driver\targets\editor\chunks\93\93ba276ea7b26ffcdc433fab14afc1ed6f05647b.js resolved to D:\Project\cocos\test\temp\programming\packer-driver\targets\editor\chunks\93\93ba276ea7b26ffcdc433fab14afc1ed6f05647b.js is not in module cache!
2024-4-16 07:32:51-debug: [[Executor]] Module "cce:/internal/x/cc-fu/base" loaded.
2024-4-16 07:32:51-debug: [[Executor]] Module "cce:/internal/x/cc-fu/gfx-webgl" loaded.
2024-4-16 07:32:51-debug: [[Executor]] Module "cce:/internal/x/cc-fu/gfx-webgl2" loaded.
2024-4-16 07:32:51-debug: [[Executor]] Module "cce:/internal/x/cc-fu/animation" loaded.
2024-4-16 07:32:51-debug: [[Executor]] Module "cce:/internal/x/cc-fu/gfx-empty" loaded.
2024-4-16 07:32:51-debug: [[Executor]] Module "cce:/internal/x/cc-fu/3d" loaded.
2024-4-16 07:32:51-debug: [[Executor]] Module "cce:/internal/x/cc-fu/skeletal-animation" loaded.
2024-4-16 07:32:51-debug: [[Executor]] Module "cce:/internal/x/cc-fu/sorting" loaded.
2024-4-16 07:32:51-debug: [[Executor]] Module "cce:/internal/x/cc-fu/particle" loaded.
2024-4-16 07:32:51-debug: [[Executor]] Module "cce:/internal/x/cc-fu/particle-2d" loaded.
2024-4-16 07:32:51-debug: [[Executor]] Module "cce:/internal/x/cc-fu/physics-framework" loaded.
2024-4-16 07:32:51-debug: [[Executor]] Module "cce:/internal/x/cc-fu/physics-2d-framework" loaded.
2024-4-16 07:32:51-debug: [[Executor]] Module "cce:/internal/x/cc-fu/physics-2d-box2d-wasm" loaded.
2024-4-16 07:32:51-debug: [[Executor]] Module "cce:/internal/x/cc-fu/intersection-2d" loaded.
2024-4-16 07:32:51-debug: [[Executor]] Module "cce:/internal/x/cc-fu/primitive" loaded.
2024-4-16 07:32:51-debug: [[Executor]] Module "cce:/internal/x/cc-fu/2d" loaded.
2024-4-16 07:32:51-debug: [[Executor]] Module "cce:/internal/x/cc-fu/profiler" loaded.
2024-4-16 07:32:51-debug: [[Executor]] Module "cce:/internal/x/cc-fu/audio" loaded.
2024-4-16 07:32:51-debug: [[Executor]] Module "cce:/internal/x/cc-fu/geometry-renderer" loaded.
2024-4-16 07:32:51-debug: [[Executor]] Module "cce:/internal/x/cc-fu/video" loaded.
2024-4-16 07:32:51-debug: [[Executor]] Module "cce:/internal/x/cc-fu/light-probe" loaded.
2024-4-16 07:32:51-debug: [[Executor]] Module "cce:/internal/x/cc-fu/terrain" loaded.
2024-4-16 07:32:51-debug: [[Executor]] Module "cce:/internal/x/cc-fu/webview" loaded.
2024-4-16 07:32:51-debug: [[Executor]] Module "cce:/internal/x/cc-fu/tween" loaded.
2024-4-16 07:32:51-debug: [[Executor]] Module "cce:/internal/x/cc-fu/tiled-map" loaded.
2024-4-16 07:32:51-debug: [[Executor]] Module "cce:/internal/x/cc-fu/spine" loaded.
2024-4-16 07:32:51-debug: [[Executor]] Module "cce:/internal/x/cc-fu/dragon-bones" loaded.
2024-4-16 07:32:51-debug: [[Executor]] Module "cce:/internal/x/cc-fu/ui" loaded.
2024-4-16 07:32:51-debug: [[Executor]] Module "cce:/internal/x/cc-fu/custom-pipeline" loaded.
2024-4-16 07:32:51-debug: [[Executor]] Module "cce:/internal/x/cc-fu/gfx-webgl" loaded.
2024-4-16 07:32:51-debug: [[Executor]] Module "cce:/internal/x/cc-fu/gfx-webgl2" loaded.
2024-4-16 07:32:51-debug: [[Executor]] Module "cce:/internal/x/cc-fu/gfx-empty" loaded.
2024-4-16 07:32:51-debug: [[Executor]] Module "cce:/internal/x/cc-fu/3d" loaded.
2024-4-16 07:32:51-debug: [[Executor]] Module "cce:/internal/x/cc-fu/base" loaded.
2024-4-16 07:32:51-debug: [[Executor]] Module "cce:/internal/x/cc-fu/animation" loaded.
2024-4-16 07:32:51-debug: [[Executor]] Module "cce:/internal/x/cc-fu/2d" loaded.
2024-4-16 07:32:51-debug: [[Executor]] Module "cce:/internal/x/cc-fu/skeletal-animation" loaded.
2024-4-16 07:32:51-debug: [[Executor]] Module "cce:/internal/x/cc-fu/ui" loaded.
2024-4-16 07:32:51-debug: [[Executor]] Module "cce:/internal/x/cc-fu/sorting" loaded.
2024-4-16 07:32:51-debug: [[Executor]] Module "cce:/internal/x/cc-fu/particle" loaded.
2024-4-16 07:32:51-debug: [[Executor]] Module "cce:/internal/x/cc-fu/physics-framework" loaded.
2024-4-16 07:32:51-debug: [[Executor]] Module "cce:/internal/x/cc-fu/xr" loaded.
2024-4-16 07:32:51-debug: [[Executor]] Module "cce:/internal/x/cc-fu/particle-2d" loaded.
2024-4-16 07:32:51-debug: [[Executor]] Module "cce:/internal/x/cc-fu/physics-2d-box2d-wasm" loaded.
2024-4-16 07:32:51-debug: [[Executor]] Module "cce:/internal/x/cc-fu/primitive" loaded.
2024-4-16 07:32:51-debug: [[Executor]] Module "cce:/internal/x/cc-fu/intersection-2d" loaded.
2024-4-16 07:32:51-debug: [[Executor]] Module "cce:/internal/x/cc-fu/physics-2d-framework" loaded.
2024-4-16 07:32:51-debug: [[Executor]] Module "cce:/internal/x/cc-fu/geometry-renderer" loaded.
2024-4-16 07:32:51-debug: [[Executor]] Module "cce:/internal/x/cc-fu/video" loaded.
2024-4-16 07:32:51-debug: [[Executor]] Module "cce:/internal/x/cc-fu/profiler" loaded.
2024-4-16 07:32:51-debug: [[Executor]] Module "cce:/internal/x/cc-fu/light-probe" loaded.
2024-4-16 07:32:51-debug: [[Executor]] Module "cce:/internal/x/cc-fu/terrain" loaded.
2024-4-16 07:32:51-debug: [[Executor]] Module "cce:/internal/x/cc-fu/webview" loaded.
2024-4-16 07:32:51-debug: [[Executor]] Module "cce:/internal/x/cc-fu/tween" loaded.
2024-4-16 07:32:51-debug: [[Executor]] Module "cce:/internal/x/cc-fu/tiled-map" loaded.
2024-4-16 07:32:51-debug: [[Executor]] Module "cce:/internal/x/cc-fu/spine" loaded.
2024-4-16 07:32:51-debug: [[Executor]] Module "cce:/internal/x/cc-fu/dragon-bones" loaded.
2024-4-16 07:32:51-debug: [[Executor]] Module "cce:/internal/x/cc-fu/custom-pipeline" loaded.
2024-4-16 07:32:51-debug: [[Executor]] Module "cce:/internal/x/cc-fu/xr" loaded.
2024-4-16 07:32:51-debug: [[Executor]] Module "cce:/internal/x/cc-fu/audio" loaded.
2024-4-16 07:32:51-debug: Invalidating 'pack:///chunks/93/93ba276ea7b26ffcdc433fab14afc1ed6f05647b.js'
2024-4-16 07:32:51-debug: [[Executor]] Module "pack:///chunks/93/93ba276ea7b26ffcdc433fab14afc1ed6f05647b.js" loaded.
2024-4-16 07:32:51-debug: [[Executor]] Module "pack:///chunks/93/93ba276ea7b26ffcdc433fab14afc1ed6f05647b.js" loaded.
2024-4-16 07:32:51-debug: D:\Project\cocos\test\temp\programming\packer-driver\targets\editor\chunks\6d\6d8fd2b0177941b032ddc0733af48a561fb60657.js resolved to D:\Project\cocos\test\temp\programming\packer-driver\targets\editor\chunks\6d\6d8fd2b0177941b032ddc0733af48a561fb60657.js is not in module cache!
2024-4-16 07:32:51-debug: [[Executor]] Module "pack:///chunks/6d/6d8fd2b0177941b032ddc0733af48a561fb60657.js" loaded.
2024-4-16 07:32:51-debug: D:\Project\cocos\test\temp\programming\packer-driver\targets\editor\chunks\bf\bf2a5ff7e8de9b32e53abd7c8de160e985314530.js resolved to D:\Project\cocos\test\temp\programming\packer-driver\targets\editor\chunks\bf\bf2a5ff7e8de9b32e53abd7c8de160e985314530.js is not in module cache!
2024-4-16 07:32:51-debug: [[Executor]] Module "pack:///chunks/bf/bf2a5ff7e8de9b32e53abd7c8de160e985314530.js" loaded.
2024-4-16 07:32:51-debug: [[Executor]] Register DebugViewRuntimeControl
2024-4-16 07:32:51-debug: D:\Project\cocos\test\temp\programming\packer-driver\targets\editor\chunks\e5\e58d0be131aad4471d719affcc89b83f418c34a8.js resolved to D:\Project\cocos\test\temp\programming\packer-driver\targets\editor\chunks\e5\e58d0be131aad4471d719affcc89b83f418c34a8.js is not in module cache!
2024-4-16 07:32:51-debug: [[Executor]] Module "pack:///chunks/e5/e58d0be131aad4471d719affcc89b83f418c34a8.js" loaded.
2024-4-16 07:32:51-debug: [[Executor]] Register Main
2024-4-16 07:32:51-debug: D:\Project\cocos\test\temp\programming\packer-driver\targets\editor\chunks\07\07c6df2c0ee8183ff11dba7703477a0d3b4c0859.js resolved to D:\Project\cocos\test\temp\programming\packer-driver\targets\editor\chunks\07\07c6df2c0ee8183ff11dba7703477a0d3b4c0859.js is not in module cache!
2024-4-16 07:32:51-debug: [[Executor]] Register AssetMgr
2024-4-16 07:32:51-debug: [[Executor]] Module "pack:///chunks/07/07c6df2c0ee8183ff11dba7703477a0d3b4c0859.js" loaded.
2024-4-16 07:32:51-debug: D:\Project\cocos\test\temp\programming\packer-driver\targets\editor\chunks\43\436b114cd6ce3d0d270683ba3c4de65c46946f50.js resolved to D:\Project\cocos\test\temp\programming\packer-driver\targets\editor\chunks\43\436b114cd6ce3d0d270683ba3c4de65c46946f50.js is not in module cache!
2024-4-16 07:32:51-debug: D:\Project\cocos\test\temp\programming\packer-driver\targets\editor\chunks\6a\6a5019a719a9014c047e67aa1cf34453ab8392ce.js resolved to D:\Project\cocos\test\temp\programming\packer-driver\targets\editor\chunks\6a\6a5019a719a9014c047e67aa1cf34453ab8392ce.js is not in module cache!
2024-4-16 07:32:51-debug: [[Executor]] Module "pack:///chunks/6a/6a5019a719a9014c047e67aa1cf34453ab8392ce.js" loaded.
2024-4-16 07:32:51-debug: [[Executor]] Module "pack:///chunks/6d/6d8fd2b0177941b032ddc0733af48a561fb60657.js" loaded.
2024-4-16 07:32:51-debug: Incremental keys: 
2024-4-16 07:32:51-debug: [[Executor]] Register GameController
2024-4-16 07:32:51-debug: [[Executor]] Module "pack:///chunks/43/436b114cd6ce3d0d270683ba3c4de65c46946f50.js" loaded.
2024-4-16 07:32:51-debug: // ---- build task 查询 Asset Bundle ----
2024-4-16 07:32:51-debug: 查询 Asset Bundle start0%
2024-4-16 07:32:51-debug: Query preload assets from cc.config.json: 60f7195c-ec2a-45eb-ba94-8955f60e81d0,1c02ae6f-4492-4915-b8f8-7492a3b1e4cd,810e96e4-e456-4468-9b59-f4e8f39732c0,efe8e2a3-eace-427b-b4f1-cb8a937ec77d,e9aa9a3e-5b2b-4ac7-a2c7-073de2b2b24f,8bbdbcdd-5cd4-4100-b6d5-b7c9625b6107,50f4348b-c883-4e2f-8f11-ce233b859fa1,fda095cb-831d-4601-ad94-846013963de8,f92806d7-1768-443f-afe8-12bcde84d0f0,dd3a144d-ab7f-41f0-82b8-2e43a090d496,f0416e68-0200-4b77-a926-4f9d16e494da,511d2633-09a7-4bdd-ac42-f778032124b3,5d45aa00-e064-4938-b314-4265f0c2258c,9361fd90-ba52-4f84-aa93-6e878fd576ca,970b0598-bcb0-4714-91fb-2e81440dccd8,bcd64cc6-2dd9-43f6-abbe-66318d332032,d930590d-bb92-4cc8-8bd1-23cd027f9edf,a3cd009f-0ab0-420d-9278-b9fdab939bbc,c27215d8-6835-4b68-bfbb-bdeac6100c04,b5d6115f-0370-4d7c-aad3-c194cc71cf98,d1346436-ac96-4271-b863-1f4fdead95b0,971bdb23-3ff6-43eb-b422-1c30165a3663,17debcc3-0a6b-4b8a-b00b-dc58b885581e,711ebe11-f673-4cd9-9a83-63c60ba54c5b,c0143906-9aed-447e-9436-2ae8512d1b6e,14da1725-c4c2-42b4-ab08-ee0aeb6898b3,081cab31-dccd-428e-8652-f2404cc81c47,78e0584a-4343-4727-8f37-e14e65c2a2db,ba21476f-2866-4f81-9c4d-6e359316e448,871c3b6c-7379-419d-bda3-794b239ab90d,1d08ef62-a503-4ce2-8b9a-46c90873f7d3
2024-4-16 07:32:51-debug: // ---- build task 查询 Asset Bundle ---- (41ms)
2024-4-16 07:32:51-debug: run build task 查询 Asset Bundle success in 41 ms √5%
2024-4-16 07:32:51-debug: [Build Memory track]: 查询 Asset Bundle start:276.65MB, end 277.89MB, increase: 1.24MB
2024-4-16 07:32:51-debug: 查询 Asset Bundle start5%
2024-4-16 07:32:51-debug: // ---- build task 查询 Asset Bundle ----
2024-4-16 07:32:51-debug: // ---- build task 查询 Asset Bundle ---- (2ms)
2024-4-16 07:32:51-debug: run build task 查询 Asset Bundle success in 2 ms √10%
2024-4-16 07:32:51-debug: 整理部分构建选项内数据到 settings.json start10%
2024-4-16 07:32:51-debug: // ---- build task 整理部分构建选项内数据到 settings.json ----
2024-4-16 07:32:51-debug: [Build Memory track]: 查询 Asset Bundle start:277.90MB, end 276.69MB, increase: -1244.64KB
2024-4-16 07:32:51-debug: // ---- build task 整理部分构建选项内数据到 settings.json ---- (1ms)
2024-4-16 07:32:51-debug: run build task 整理部分构建选项内数据到 settings.json success in 1 ms √12%
2024-4-16 07:32:51-debug: [Build Memory track]: 整理部分构建选项内数据到 settings.json start:276.70MB, end 276.72MB, increase: 18.11KB
2024-4-16 07:32:51-debug: // ---- build task 填充脚本数据到 settings.json ----
2024-4-16 07:32:51-debug: 填充脚本数据到 settings.json start12%
2024-4-16 07:32:51-debug: // ---- build task 填充脚本数据到 settings.json ---- (1ms)
2024-4-16 07:32:51-debug: run build task 填充脚本数据到 settings.json success in 1 ms √13%
2024-4-16 07:32:51-debug: [Build Memory track]: 填充脚本数据到 settings.json start:276.74MB, end 276.75MB, increase: 16.68KB
2024-4-16 07:32:51-debug: 整理部分构建选项内数据到 settings.json start13%
2024-4-16 07:32:51-debug: // ---- build task 整理部分构建选项内数据到 settings.json ----
2024-4-16 07:32:51-debug: // ---- build task 整理部分构建选项内数据到 settings.json ---- (5ms)
2024-4-16 07:32:51-debug: run build task 整理部分构建选项内数据到 settings.json success in 5 ms √15%
2024-4-16 07:32:51-debug: [Build Memory track]: 整理部分构建选项内数据到 settings.json start:276.77MB, end 276.89MB, increase: 128.39KB
2024-4-16 07:32:57-debug: Query all assets info in project
2024-4-16 07:32:57-debug: init custom config: keepNodeUuid: false, useCache: true
2024-4-16 07:32:57-debug:   Number of all scenes: 1
2024-4-16 07:32:57-debug:   Number of all scripts: 4
2024-4-16 07:32:57-debug:   Number of other assets: 419
2024-4-16 07:32:57-debug: reload all scripts.
2024-4-16 07:32:57-debug: Set detail map pack:///resolution-detail-map.json: {}
2024-4-16 07:32:57-debug: Unregister DebugViewRuntimeControl
2024-4-16 07:32:57-debug: Unregister Main
2024-4-16 07:32:57-debug: Unregister AssetMgr
2024-4-16 07:32:57-debug: Invalidating 'pack:///chunks/93/93ba276ea7b26ffcdc433fab14afc1ed6f05647b.js'
2024-4-16 07:32:57-debug: Invalidating 'pack:///chunks/bf/bf2a5ff7e8de9b32e53abd7c8de160e985314530.js'
2024-4-16 07:32:57-debug: Unregister GameController
2024-4-16 07:32:57-debug: Invalidating 'pack:///chunks/6d/6d8fd2b0177941b032ddc0733af48a561fb60657.js'
2024-4-16 07:32:57-debug: Invalidating 'pack:///chunks/07/07c6df2c0ee8183ff11dba7703477a0d3b4c0859.js'
2024-4-16 07:32:57-debug: Invalidating 'pack:///chunks/6a/6a5019a719a9014c047e67aa1cf34453ab8392ce.js'
2024-4-16 07:32:57-debug: Invalidating 'pack:///chunks/e5/e58d0be131aad4471d719affcc89b83f418c34a8.js'
2024-4-16 07:32:57-debug: [[Executor]] Module "pack:///chunks/93/93ba276ea7b26ffcdc433fab14afc1ed6f05647b.js" loaded.
2024-4-16 07:32:57-debug: [[Executor]] Register DebugViewRuntimeControl
2024-4-16 07:32:57-debug: [[Executor]] Module "pack:///chunks/6d/6d8fd2b0177941b032ddc0733af48a561fb60657.js" loaded.
2024-4-16 07:32:57-debug: Invalidating 'pack:///chunks/43/436b114cd6ce3d0d270683ba3c4de65c46946f50.js'
2024-4-16 07:32:57-debug: [[Executor]] Module "pack:///chunks/bf/bf2a5ff7e8de9b32e53abd7c8de160e985314530.js" loaded.
2024-4-16 07:32:57-debug: [[Executor]] Register Main
2024-4-16 07:32:57-debug: [[Executor]] Module "pack:///chunks/e5/e58d0be131aad4471d719affcc89b83f418c34a8.js" loaded.
2024-4-16 07:32:57-debug: [[Executor]] Module "pack:///chunks/6a/6a5019a719a9014c047e67aa1cf34453ab8392ce.js" loaded.
2024-4-16 07:32:57-debug: [[Executor]] Module "pack:///chunks/07/07c6df2c0ee8183ff11dba7703477a0d3b4c0859.js" loaded.
2024-4-16 07:32:57-debug: [[Executor]] Register GameController
2024-4-16 07:32:57-debug: [[Executor]] Module "pack:///chunks/43/436b114cd6ce3d0d270683ba3c4de65c46946f50.js" loaded.
2024-4-16 07:32:57-debug: Incremental keys: 
2024-4-16 07:32:57-debug: [[Executor]] Register AssetMgr
2024-4-16 07:32:57-debug: [[Executor]] Module "pack:///chunks/6d/6d8fd2b0177941b032ddc0733af48a561fb60657.js" loaded.
2024-4-16 07:32:57-debug: // ---- build task 查询 Asset Bundle ----
2024-4-16 07:32:57-debug: 查询 Asset Bundle start0%
2024-4-16 07:32:57-debug: Query preload assets from cc.config.json: 60f7195c-ec2a-45eb-ba94-8955f60e81d0,1c02ae6f-4492-4915-b8f8-7492a3b1e4cd,810e96e4-e456-4468-9b59-f4e8f39732c0,efe8e2a3-eace-427b-b4f1-cb8a937ec77d,e9aa9a3e-5b2b-4ac7-a2c7-073de2b2b24f,8bbdbcdd-5cd4-4100-b6d5-b7c9625b6107,50f4348b-c883-4e2f-8f11-ce233b859fa1,fda095cb-831d-4601-ad94-846013963de8,f92806d7-1768-443f-afe8-12bcde84d0f0,dd3a144d-ab7f-41f0-82b8-2e43a090d496,f0416e68-0200-4b77-a926-4f9d16e494da,511d2633-09a7-4bdd-ac42-f778032124b3,5d45aa00-e064-4938-b314-4265f0c2258c,9361fd90-ba52-4f84-aa93-6e878fd576ca,970b0598-bcb0-4714-91fb-2e81440dccd8,bcd64cc6-2dd9-43f6-abbe-66318d332032,d930590d-bb92-4cc8-8bd1-23cd027f9edf,a3cd009f-0ab0-420d-9278-b9fdab939bbc,c27215d8-6835-4b68-bfbb-bdeac6100c04,b5d6115f-0370-4d7c-aad3-c194cc71cf98,d1346436-ac96-4271-b863-1f4fdead95b0,971bdb23-3ff6-43eb-b422-1c30165a3663,17debcc3-0a6b-4b8a-b00b-dc58b885581e,711ebe11-f673-4cd9-9a83-63c60ba54c5b,c0143906-9aed-447e-9436-2ae8512d1b6e,14da1725-c4c2-42b4-ab08-ee0aeb6898b3,081cab31-dccd-428e-8652-f2404cc81c47,78e0584a-4343-4727-8f37-e14e65c2a2db,ba21476f-2866-4f81-9c4d-6e359316e448,871c3b6c-7379-419d-bda3-794b239ab90d,1d08ef62-a503-4ce2-8b9a-46c90873f7d3
2024-4-16 07:32:57-debug: // ---- build task 查询 Asset Bundle ---- (25ms)
2024-4-16 07:32:57-debug: run build task 查询 Asset Bundle success in 25 ms √5%
2024-4-16 07:32:57-debug: [Build Memory track]: 查询 Asset Bundle start:278.92MB, end 279.18MB, increase: 269.69KB
2024-4-16 07:32:57-debug: 查询 Asset Bundle start5%
2024-4-16 07:32:57-debug: // ---- build task 查询 Asset Bundle ----
2024-4-16 07:32:57-debug: // ---- build task 查询 Asset Bundle ---- (2ms)
2024-4-16 07:32:57-debug: run build task 查询 Asset Bundle success in 2 ms √10%
2024-4-16 07:32:57-debug: // ---- build task 整理部分构建选项内数据到 settings.json ----
2024-4-16 07:32:57-debug: [Build Memory track]: 查询 Asset Bundle start:279.20MB, end 279.21MB, increase: 15.20KB
2024-4-16 07:32:57-debug: 整理部分构建选项内数据到 settings.json start10%
2024-4-16 07:32:57-debug: // ---- build task 整理部分构建选项内数据到 settings.json ---- (1ms)
2024-4-16 07:32:57-debug: run build task 整理部分构建选项内数据到 settings.json success in 1 ms √12%
2024-4-16 07:32:57-debug: [Build Memory track]: 整理部分构建选项内数据到 settings.json start:279.23MB, end 279.24MB, increase: 18.42KB
2024-4-16 07:32:57-debug: // ---- build task 填充脚本数据到 settings.json ----
2024-4-16 07:32:57-debug: 填充脚本数据到 settings.json start12%
2024-4-16 07:32:57-debug: // ---- build task 填充脚本数据到 settings.json ---- (2ms)
2024-4-16 07:32:57-debug: run build task 填充脚本数据到 settings.json success in 2 ms √13%
2024-4-16 07:32:57-debug: // ---- build task 整理部分构建选项内数据到 settings.json ----
2024-4-16 07:32:57-debug: [Build Memory track]: 填充脚本数据到 settings.json start:279.26MB, end 279.28MB, increase: 17.20KB
2024-4-16 07:32:57-debug: 整理部分构建选项内数据到 settings.json start13%
2024-4-16 07:32:57-debug: // ---- build task 整理部分构建选项内数据到 settings.json ---- (5ms)
2024-4-16 07:32:57-debug: run build task 整理部分构建选项内数据到 settings.json success in 5 ms √15%
2024-4-16 07:32:57-debug: [Build Memory track]: 整理部分构建选项内数据到 settings.json start:279.29MB, end 279.41MB, increase: 121.14KB
2024-4-16 07:34:47-debug: Query all assets info in project
2024-4-16 07:34:47-debug: init custom config: keepNodeUuid: false, useCache: true
2024-4-16 07:34:47-debug:   Number of all scenes: 1
2024-4-16 07:34:47-debug:   Number of all scripts: 4
2024-4-16 07:34:47-debug:   Number of other assets: 419
2024-4-16 07:34:47-debug: reload all scripts.
2024-4-16 07:34:47-debug: Set detail map pack:///resolution-detail-map.json: {}
2024-4-16 07:34:47-debug: Unregister DebugViewRuntimeControl
2024-4-16 07:34:47-debug: Unregister Main
2024-4-16 07:34:47-debug: Unregister AssetMgr
2024-4-16 07:34:47-debug: Invalidating 'pack:///chunks/93/93ba276ea7b26ffcdc433fab14afc1ed6f05647b.js'
2024-4-16 07:34:47-debug: Invalidating 'pack:///chunks/bf/bf2a5ff7e8de9b32e53abd7c8de160e985314530.js'
2024-4-16 07:34:47-debug: Invalidating 'pack:///chunks/6d/6d8fd2b0177941b032ddc0733af48a561fb60657.js'
2024-4-16 07:34:47-debug: Invalidating 'pack:///chunks/e5/e58d0be131aad4471d719affcc89b83f418c34a8.js'
2024-4-16 07:34:47-debug: Invalidating 'pack:///chunks/07/07c6df2c0ee8183ff11dba7703477a0d3b4c0859.js'
2024-4-16 07:34:47-debug: Invalidating 'pack:///chunks/43/436b114cd6ce3d0d270683ba3c4de65c46946f50.js'
2024-4-16 07:34:47-debug: [[Executor]] Module "pack:///chunks/93/93ba276ea7b26ffcdc433fab14afc1ed6f05647b.js" loaded.
2024-4-16 07:34:47-debug: [[Executor]] Module "pack:///chunks/6d/6d8fd2b0177941b032ddc0733af48a561fb60657.js" loaded.
2024-4-16 07:34:47-debug: [[Executor]] Register DebugViewRuntimeControl
2024-4-16 07:34:47-debug: Invalidating 'pack:///chunks/6a/6a5019a719a9014c047e67aa1cf34453ab8392ce.js'
2024-4-16 07:34:47-debug: [[Executor]] Register Main
2024-4-16 07:34:47-debug: [[Executor]] Module "pack:///chunks/bf/bf2a5ff7e8de9b32e53abd7c8de160e985314530.js" loaded.
2024-4-16 07:34:47-debug: Unregister GameController
2024-4-16 07:34:47-debug: [[Executor]] Module "pack:///chunks/e5/e58d0be131aad4471d719affcc89b83f418c34a8.js" loaded.
2024-4-16 07:34:47-debug: [[Executor]] Register AssetMgr
2024-4-16 07:34:47-debug: [[Executor]] Module "pack:///chunks/07/07c6df2c0ee8183ff11dba7703477a0d3b4c0859.js" loaded.
2024-4-16 07:34:47-debug: [[Executor]] Module "pack:///chunks/6a/6a5019a719a9014c047e67aa1cf34453ab8392ce.js" loaded.
2024-4-16 07:34:47-debug: [[Executor]] Module "pack:///chunks/6d/6d8fd2b0177941b032ddc0733af48a561fb60657.js" loaded.
2024-4-16 07:34:47-debug: [[Executor]] Module "pack:///chunks/43/436b114cd6ce3d0d270683ba3c4de65c46946f50.js" loaded.
2024-4-16 07:34:47-debug: 查询 Asset Bundle start0%
2024-4-16 07:34:47-debug: [[Executor]] Register GameController
2024-4-16 07:34:47-debug: // ---- build task 查询 Asset Bundle ----
2024-4-16 07:34:47-debug: Incremental keys: 
2024-4-16 07:34:47-debug: Query preload assets from cc.config.json: 60f7195c-ec2a-45eb-ba94-8955f60e81d0,1c02ae6f-4492-4915-b8f8-7492a3b1e4cd,810e96e4-e456-4468-9b59-f4e8f39732c0,efe8e2a3-eace-427b-b4f1-cb8a937ec77d,e9aa9a3e-5b2b-4ac7-a2c7-073de2b2b24f,8bbdbcdd-5cd4-4100-b6d5-b7c9625b6107,50f4348b-c883-4e2f-8f11-ce233b859fa1,fda095cb-831d-4601-ad94-846013963de8,f92806d7-1768-443f-afe8-12bcde84d0f0,dd3a144d-ab7f-41f0-82b8-2e43a090d496,f0416e68-0200-4b77-a926-4f9d16e494da,511d2633-09a7-4bdd-ac42-f778032124b3,5d45aa00-e064-4938-b314-4265f0c2258c,9361fd90-ba52-4f84-aa93-6e878fd576ca,970b0598-bcb0-4714-91fb-2e81440dccd8,bcd64cc6-2dd9-43f6-abbe-66318d332032,d930590d-bb92-4cc8-8bd1-23cd027f9edf,a3cd009f-0ab0-420d-9278-b9fdab939bbc,c27215d8-6835-4b68-bfbb-bdeac6100c04,b5d6115f-0370-4d7c-aad3-c194cc71cf98,d1346436-ac96-4271-b863-1f4fdead95b0,971bdb23-3ff6-43eb-b422-1c30165a3663,17debcc3-0a6b-4b8a-b00b-dc58b885581e,711ebe11-f673-4cd9-9a83-63c60ba54c5b,c0143906-9aed-447e-9436-2ae8512d1b6e,14da1725-c4c2-42b4-ab08-ee0aeb6898b3,081cab31-dccd-428e-8652-f2404cc81c47,78e0584a-4343-4727-8f37-e14e65c2a2db,ba21476f-2866-4f81-9c4d-6e359316e448,871c3b6c-7379-419d-bda3-794b239ab90d,1d08ef62-a503-4ce2-8b9a-46c90873f7d3
2024-4-16 07:34:47-debug: run build task 查询 Asset Bundle success in 21 ms √5%
2024-4-16 07:34:47-debug: [Build Memory track]: 查询 Asset Bundle start:280.18MB, end 280.47MB, increase: 301.98KB
2024-4-16 07:34:47-debug: // ---- build task 查询 Asset Bundle ---- (21ms)
2024-4-16 07:34:47-debug: 查询 Asset Bundle start5%
2024-4-16 07:34:47-debug: // ---- build task 查询 Asset Bundle ----
2024-4-16 07:34:47-debug: // ---- build task 查询 Asset Bundle ---- (1ms)
2024-4-16 07:34:47-debug: run build task 查询 Asset Bundle success in 1 ms √10%
2024-4-16 07:34:47-debug: [Build Memory track]: 查询 Asset Bundle start:280.49MB, end 280.50MB, increase: 14.08KB
2024-4-16 07:34:47-debug: 整理部分构建选项内数据到 settings.json start10%
2024-4-16 07:34:47-debug: // ---- build task 整理部分构建选项内数据到 settings.json ----
2024-4-16 07:34:47-debug: // ---- build task 整理部分构建选项内数据到 settings.json ---- (3ms)
2024-4-16 07:34:47-debug: run build task 整理部分构建选项内数据到 settings.json success in 3 ms √12%
2024-4-16 07:34:47-debug: // ---- build task 填充脚本数据到 settings.json ----
2024-4-16 07:34:47-debug: [Build Memory track]: 整理部分构建选项内数据到 settings.json start:280.51MB, end 280.53MB, increase: 20.71KB
2024-4-16 07:34:47-debug: 填充脚本数据到 settings.json start12%
2024-4-16 07:34:47-debug: // ---- build task 填充脚本数据到 settings.json ---- (2ms)
2024-4-16 07:34:47-debug: [Build Memory track]: 填充脚本数据到 settings.json start:280.55MB, end 280.56MB, increase: 15.73KB
2024-4-16 07:34:47-debug: // ---- build task 整理部分构建选项内数据到 settings.json ----
2024-4-16 07:34:47-debug: run build task 填充脚本数据到 settings.json success in 2 ms √13%
2024-4-16 07:34:47-debug: 整理部分构建选项内数据到 settings.json start13%
2024-4-16 07:34:47-debug: // ---- build task 整理部分构建选项内数据到 settings.json ---- (4ms)
2024-4-16 07:34:47-debug: run build task 整理部分构建选项内数据到 settings.json success in 4 ms √15%
2024-4-16 07:34:47-debug: [Build Memory track]: 整理部分构建选项内数据到 settings.json start:280.58MB, end 280.70MB, increase: 121.12KB
2024-4-16 07:35:13-debug: Query all assets info in project
2024-4-16 07:35:13-debug: init custom config: keepNodeUuid: false, useCache: true
2024-4-16 07:35:13-debug:   Number of all scenes: 1
2024-4-16 07:35:13-debug:   Number of all scripts: 4
2024-4-16 07:35:13-debug:   Number of other assets: 419
2024-4-16 07:35:13-debug: reload all scripts.
2024-4-16 07:35:13-debug: Set detail map pack:///resolution-detail-map.json: {}
2024-4-16 07:35:13-debug: Unregister DebugViewRuntimeControl
2024-4-16 07:35:13-debug: Unregister Main
2024-4-16 07:35:13-debug: Unregister AssetMgr
2024-4-16 07:35:13-debug: Invalidating 'pack:///chunks/93/93ba276ea7b26ffcdc433fab14afc1ed6f05647b.js'
2024-4-16 07:35:13-debug: Invalidating 'pack:///chunks/bf/bf2a5ff7e8de9b32e53abd7c8de160e985314530.js'
2024-4-16 07:35:13-debug: Unregister GameController
2024-4-16 07:35:13-debug: Invalidating 'pack:///chunks/6d/6d8fd2b0177941b032ddc0733af48a561fb60657.js'
2024-4-16 07:35:13-debug: Invalidating 'pack:///chunks/e5/e58d0be131aad4471d719affcc89b83f418c34a8.js'
2024-4-16 07:35:13-debug: Invalidating 'pack:///chunks/07/07c6df2c0ee8183ff11dba7703477a0d3b4c0859.js'
2024-4-16 07:35:13-debug: [[Executor]] Module "pack:///chunks/93/93ba276ea7b26ffcdc433fab14afc1ed6f05647b.js" loaded.
2024-4-16 07:35:13-debug: [[Executor]] Module "pack:///chunks/6d/6d8fd2b0177941b032ddc0733af48a561fb60657.js" loaded.
2024-4-16 07:35:13-debug: [[Executor]] Register DebugViewRuntimeControl
2024-4-16 07:35:13-debug: Invalidating 'pack:///chunks/6a/6a5019a719a9014c047e67aa1cf34453ab8392ce.js'
2024-4-16 07:35:13-debug: [[Executor]] Module "pack:///chunks/bf/bf2a5ff7e8de9b32e53abd7c8de160e985314530.js" loaded.
2024-4-16 07:35:13-debug: [[Executor]] Module "pack:///chunks/e5/e58d0be131aad4471d719affcc89b83f418c34a8.js" loaded.
2024-4-16 07:35:13-debug: [[Executor]] Register Main
2024-4-16 07:35:13-debug: Invalidating 'pack:///chunks/43/436b114cd6ce3d0d270683ba3c4de65c46946f50.js'
2024-4-16 07:35:13-debug: [[Executor]] Module "pack:///chunks/07/07c6df2c0ee8183ff11dba7703477a0d3b4c0859.js" loaded.
2024-4-16 07:35:13-debug: [[Executor]] Register GameController
2024-4-16 07:35:13-debug: [[Executor]] Module "pack:///chunks/6a/6a5019a719a9014c047e67aa1cf34453ab8392ce.js" loaded.
2024-4-16 07:35:13-debug: [[Executor]] Module "pack:///chunks/43/436b114cd6ce3d0d270683ba3c4de65c46946f50.js" loaded.
2024-4-16 07:35:13-debug: Incremental keys: 
2024-4-16 07:35:13-debug: [[Executor]] Module "pack:///chunks/6d/6d8fd2b0177941b032ddc0733af48a561fb60657.js" loaded.
2024-4-16 07:35:13-debug: [[Executor]] Register AssetMgr
2024-4-16 07:35:13-debug: // ---- build task 查询 Asset Bundle ----
2024-4-16 07:35:13-debug: 查询 Asset Bundle start0%
2024-4-16 07:35:13-debug: Query preload assets from cc.config.json: 60f7195c-ec2a-45eb-ba94-8955f60e81d0,1c02ae6f-4492-4915-b8f8-7492a3b1e4cd,810e96e4-e456-4468-9b59-f4e8f39732c0,efe8e2a3-eace-427b-b4f1-cb8a937ec77d,e9aa9a3e-5b2b-4ac7-a2c7-073de2b2b24f,8bbdbcdd-5cd4-4100-b6d5-b7c9625b6107,50f4348b-c883-4e2f-8f11-ce233b859fa1,fda095cb-831d-4601-ad94-846013963de8,f92806d7-1768-443f-afe8-12bcde84d0f0,dd3a144d-ab7f-41f0-82b8-2e43a090d496,f0416e68-0200-4b77-a926-4f9d16e494da,511d2633-09a7-4bdd-ac42-f778032124b3,5d45aa00-e064-4938-b314-4265f0c2258c,9361fd90-ba52-4f84-aa93-6e878fd576ca,970b0598-bcb0-4714-91fb-2e81440dccd8,bcd64cc6-2dd9-43f6-abbe-66318d332032,d930590d-bb92-4cc8-8bd1-23cd027f9edf,a3cd009f-0ab0-420d-9278-b9fdab939bbc,c27215d8-6835-4b68-bfbb-bdeac6100c04,b5d6115f-0370-4d7c-aad3-c194cc71cf98,d1346436-ac96-4271-b863-1f4fdead95b0,971bdb23-3ff6-43eb-b422-1c30165a3663,17debcc3-0a6b-4b8a-b00b-dc58b885581e,711ebe11-f673-4cd9-9a83-63c60ba54c5b,c0143906-9aed-447e-9436-2ae8512d1b6e,14da1725-c4c2-42b4-ab08-ee0aeb6898b3,081cab31-dccd-428e-8652-f2404cc81c47,78e0584a-4343-4727-8f37-e14e65c2a2db,ba21476f-2866-4f81-9c4d-6e359316e448,871c3b6c-7379-419d-bda3-794b239ab90d,1d08ef62-a503-4ce2-8b9a-46c90873f7d3
2024-4-16 07:35:13-debug: // ---- build task 查询 Asset Bundle ---- (27ms)
2024-4-16 07:35:13-debug: run build task 查询 Asset Bundle success in 27 ms √5%
2024-4-16 07:35:13-debug: // ---- build task 查询 Asset Bundle ----
2024-4-16 07:35:13-debug: [Build Memory track]: 查询 Asset Bundle start:281.63MB, end 281.99MB, increase: 370.92KB
2024-4-16 07:35:13-debug: 查询 Asset Bundle start5%
2024-4-16 07:35:13-debug: // ---- build task 查询 Asset Bundle ---- (1ms)
2024-4-16 07:35:13-debug: run build task 查询 Asset Bundle success in 1 ms √10%
2024-4-16 07:35:13-debug: // ---- build task 整理部分构建选项内数据到 settings.json ----
2024-4-16 07:35:13-debug: [Build Memory track]: 查询 Asset Bundle start:282.00MB, end 282.02MB, increase: 15.18KB
2024-4-16 07:35:13-debug: 整理部分构建选项内数据到 settings.json start10%
2024-4-16 07:35:13-debug: // ---- build task 整理部分构建选项内数据到 settings.json ---- (2ms)
2024-4-16 07:35:13-debug: run build task 整理部分构建选项内数据到 settings.json success in 2 ms √12%
2024-4-16 07:35:13-debug: 填充脚本数据到 settings.json start12%
2024-4-16 07:35:13-debug: [Build Memory track]: 整理部分构建选项内数据到 settings.json start:282.03MB, end 282.06MB, increase: 25.46KB
2024-4-16 07:35:13-debug: // ---- build task 填充脚本数据到 settings.json ----
2024-4-16 07:35:13-debug: // ---- build task 填充脚本数据到 settings.json ---- (1ms)
2024-4-16 07:35:13-debug: run build task 填充脚本数据到 settings.json success in 1 ms √13%
2024-4-16 07:35:13-debug: // ---- build task 整理部分构建选项内数据到 settings.json ----
2024-4-16 07:35:13-debug: [Build Memory track]: 填充脚本数据到 settings.json start:282.07MB, end 282.09MB, increase: 17.31KB
2024-4-16 07:35:13-debug: 整理部分构建选项内数据到 settings.json start13%
2024-4-16 07:35:13-debug: // ---- build task 整理部分构建选项内数据到 settings.json ---- (4ms)
2024-4-16 07:35:13-debug: run build task 整理部分构建选项内数据到 settings.json success in 4 ms √15%
2024-4-16 07:35:13-debug: [Build Memory track]: 整理部分构建选项内数据到 settings.json start:282.10MB, end 282.23MB, increase: 129.12KB
2024-4-16 07:35:53-debug: refresh db internal success
2024-4-16 07:35:53-debug: refresh db assets success
2024-4-16 07:35:53-debug: Run asset db hook engine-extends:afterRefresh ...
2024-4-16 07:35:53-debug: Run asset db hook engine-extends:afterRefresh success!
2024-4-16 07:35:53-debug: asset-db:refresh-all-database (93ms)
2024-4-16 07:35:53-debug: asset-db:worker-effect-data-processing (1ms)
2024-4-16 07:35:53-debug: asset-db-hook-engine-extends-afterRefresh (1ms)
2024-4-16 07:35:59-debug: refresh db internal success
2024-4-16 07:35:59-debug: refresh db assets success
2024-4-16 07:35:59-debug: Run asset db hook engine-extends:afterRefresh ...
2024-4-16 07:35:59-debug: Run asset db hook engine-extends:afterRefresh success!
2024-4-16 07:35:59-debug: asset-db:refresh-all-database (94ms)
2024-4-16 07:35:59-debug: asset-db:worker-effect-data-processing (1ms)
2024-4-16 07:35:59-debug: asset-db-hook-engine-extends-afterRefresh (1ms)
2024-4-16 07:36:20-debug: refresh db internal success
2024-4-16 07:36:20-debug: refresh db assets success
2024-4-16 07:36:20-debug: Run asset db hook engine-extends:afterRefresh ...
2024-4-16 07:36:20-debug: Run asset db hook engine-extends:afterRefresh success!
2024-4-16 07:36:20-debug: asset-db:refresh-all-database (94ms)
2024-4-16 07:36:20-debug: asset-db:worker-effect-data-processing (1ms)
2024-4-16 07:36:20-debug: asset-db-hook-engine-extends-afterRefresh (2ms)
2024-4-16 07:36:22-debug: refresh db internal success
2024-4-16 07:36:22-debug: refresh db assets success
2024-4-16 07:36:22-debug: Run asset db hook engine-extends:afterRefresh ...
2024-4-16 07:36:22-debug: Run asset db hook engine-extends:afterRefresh success!
2024-4-16 07:36:22-debug: asset-db:refresh-all-database (76ms)
2024-4-16 07:36:22-debug: asset-db:worker-effect-data-processing (1ms)
2024-4-16 07:36:22-debug: asset-db-hook-engine-extends-afterRefresh (1ms)
2024-4-16 07:36:45-debug: refresh db internal success
2024-4-16 07:36:45-debug: refresh db assets success
2024-4-16 07:36:45-debug: Run asset db hook engine-extends:afterRefresh ...
2024-4-16 07:36:45-debug: Run asset db hook engine-extends:afterRefresh success!
2024-4-16 07:36:45-debug: asset-db:refresh-all-database (77ms)
2024-4-16 07:36:45-debug: asset-db:worker-effect-data-processing (2ms)
2024-4-16 07:36:45-debug: asset-db-hook-engine-extends-afterRefresh (2ms)
2024-4-16 07:37:22-debug: refresh db internal success
2024-4-16 07:37:22-debug: refresh db assets success
2024-4-16 07:37:22-debug: Run asset db hook engine-extends:afterRefresh ...
2024-4-16 07:37:22-debug: Run asset db hook engine-extends:afterRefresh success!
2024-4-16 07:37:22-debug: asset-db:refresh-all-database (81ms)
2024-4-16 07:55:32-debug: refresh db internal success
2024-4-16 07:55:32-debug: refresh db assets success
2024-4-16 07:55:32-debug: Run asset db hook engine-extends:afterRefresh ...
2024-4-16 07:55:32-debug: Run asset db hook engine-extends:afterRefresh success!
2024-4-16 07:55:32-debug: asset-db:refresh-all-database (78ms)
2024-4-16 07:55:32-debug: asset-db:worker-effect-data-processing (1ms)
2024-4-16 07:55:32-debug: asset-db-hook-engine-extends-afterRefresh (1ms)
2024-4-16 09:39:45-debug: refresh db internal success
2024-4-16 09:39:45-debug: refresh db assets success
2024-4-16 09:39:45-debug: Run asset db hook engine-extends:afterRefresh ...
2024-4-16 09:39:45-debug: Run asset db hook engine-extends:afterRefresh success!
2024-4-16 09:39:45-debug: asset-db:refresh-all-database (166ms)
2024-4-16 09:39:45-debug: asset-db:worker-effect-data-processing (1ms)
2024-4-16 09:39:45-debug: asset-db-hook-engine-extends-afterRefresh (1ms)
2024-4-16 12:13:03-debug: refresh db internal success
2024-4-16 12:13:03-debug: refresh db assets success
2024-4-16 12:13:03-debug: Run asset db hook engine-extends:afterRefresh ...
2024-4-16 12:13:03-debug: Run asset db hook engine-extends:afterRefresh success!
2024-4-16 12:13:03-debug: asset-db:refresh-all-database (77ms)
2024-4-16 12:13:03-debug: asset-db:worker-effect-data-processing (1ms)
2024-4-16 12:13:03-debug: asset-db-hook-engine-extends-afterRefresh (2ms)
2024-4-16 13:18:42-debug: refresh db internal success
2024-4-16 13:18:42-debug: refresh db assets success
2024-4-16 13:18:42-debug: Run asset db hook engine-extends:afterRefresh success!
2024-4-16 13:18:42-debug: Run asset db hook engine-extends:afterRefresh ...
2024-4-16 13:18:42-debug: asset-db:refresh-all-database (89ms)
2024-4-16 13:18:42-debug: asset-db:worker-effect-data-processing (1ms)
2024-4-16 13:18:42-debug: asset-db-hook-engine-extends-afterRefresh (1ms)
2024-4-16 13:53:28-debug: refresh db internal success
2024-4-16 13:53:28-debug: refresh db assets success
2024-4-16 13:53:28-debug: Run asset db hook engine-extends:afterRefresh ...
2024-4-16 13:53:28-debug: Run asset db hook engine-extends:afterRefresh success!
2024-4-16 13:53:28-debug: asset-db:refresh-all-database (86ms)
2024-4-16 13:53:28-debug: asset-db:worker-effect-data-processing (1ms)
2024-4-16 13:53:28-debug: asset-db-hook-engine-extends-afterRefresh (2ms)
2024-4-16 13:53:45-debug: refresh db internal success
2024-4-16 13:53:45-debug: refresh db assets success
2024-4-16 13:53:45-debug: Run asset db hook engine-extends:afterRefresh ...
2024-4-16 13:53:45-debug: Run asset db hook engine-extends:afterRefresh success!
2024-4-16 13:53:45-debug: asset-db:refresh-all-database (73ms)
2024-4-16 13:53:45-debug: asset-db:worker-effect-data-processing (1ms)
2024-4-16 13:53:45-debug: asset-db-hook-engine-extends-afterRefresh (1ms)
2024-4-16 14:34:04-debug: refresh db internal success
2024-4-16 14:34:04-debug: refresh db assets success
2024-4-16 14:34:04-debug: Run asset db hook engine-extends:afterRefresh ...
2024-4-16 14:34:04-debug: Run asset db hook engine-extends:afterRefresh success!
2024-4-16 14:34:04-debug: asset-db:refresh-all-database (76ms)
2024-4-16 14:34:04-debug: asset-db:worker-effect-data-processing (1ms)
2024-4-16 14:34:04-debug: asset-db-hook-engine-extends-afterRefresh (1ms)
2024-4-16 16:10:17-debug: refresh db internal success
2024-4-16 16:10:17-debug: refresh db assets success
2024-4-16 16:10:17-debug: Run asset db hook engine-extends:afterRefresh ...
2024-4-16 16:10:17-debug: Run asset db hook engine-extends:afterRefresh success!
2024-4-16 16:10:17-debug: asset-db:refresh-all-database (117ms)
2024-4-16 16:10:17-debug: asset-db:worker-effect-data-processing (2ms)
2024-4-16 16:10:17-debug: asset-db-hook-engine-extends-afterRefresh (2ms)
2024-4-16 16:59:39-debug: refresh db internal success
2024-4-16 16:59:39-debug: refresh db assets success
2024-4-16 16:59:39-debug: Run asset db hook engine-extends:afterRefresh ...
2024-4-16 16:59:39-debug: Run asset db hook engine-extends:afterRefresh success!
2024-4-16 16:59:39-debug: asset-db:refresh-all-database (127ms)
2024-4-16 16:59:39-debug: asset-db:worker-effect-data-processing (1ms)
2024-4-16 16:59:39-debug: asset-db-hook-engine-extends-afterRefresh (1ms)
2024-4-16 17:21:03-debug: refresh db internal success
2024-4-16 17:21:03-debug: refresh db assets success
2024-4-16 17:21:03-debug: Run asset db hook engine-extends:afterRefresh ...
2024-4-16 17:21:03-debug: Run asset db hook engine-extends:afterRefresh success!
2024-4-16 17:21:03-debug: asset-db:refresh-all-database (84ms)
2024-4-16 18:06:39-debug: refresh db internal success
2024-4-16 18:06:39-debug: refresh db assets success
2024-4-16 18:06:39-debug: Run asset db hook engine-extends:afterRefresh ...
2024-4-16 18:06:39-debug: Run asset db hook engine-extends:afterRefresh success!
2024-4-16 18:06:39-debug: asset-db:refresh-all-database (72ms)
2024-4-16 18:06:39-debug: asset-db-hook-engine-extends-afterRefresh (1ms)
